2019-07-17 23:21:16,534 INFO com.example.btrestful1.Btrestful1Application [main] Starting Btrestful1Application on DESKTOP-HNLGD2K with PID 4752 (D:\intellj_project\btrestful1\target\classes started by Kim Dung in D:\intellj_project\btrestful1)
2019-07-17 23:21:16,550 DEBUG com.example.btrestful1.Btrestful1Application [main] Running with Spring Boot v2.1.6.RELEASE, Spring v5.1.8.RELEASE
2019-07-17 23:21:16,551 INFO com.example.btrestful1.Btrestful1Application [main] No active profile set, falling back to default profiles: default
2019-07-17 23:21:18,433 INFO org.springframework.data.repository.config.RepositoryConfigurationDelegate [main] Bootstrapping Spring Data repositories in DEFAULT mode.
2019-07-17 23:21:18,602 INFO org.springframework.data.repository.config.RepositoryConfigurationDelegate [main] Finished Spring Data repository scanning in 153ms. Found 3 repository interfaces.
2019-07-17 23:21:19,308 INFO org.springframework.context.support.PostProcessorRegistrationDelegate$BeanPostProcessorChecker [main] Bean 'org.springframework.transaction.annotation.ProxyTransactionManagementConfiguration' of type [org.springframework.transaction.annotation.ProxyTransactionManagementConfiguration$$EnhancerBySpringCGLIB$$cfa933de] is not eligible for getting processed by all BeanPostProcessors (for example: not eligible for auto-proxying)
2019-07-17 23:21:19,370 INFO org.springframework.context.support.PostProcessorRegistrationDelegate$BeanPostProcessorChecker [main] Bean 'org.springframework.security.config.annotation.configuration.ObjectPostProcessorConfiguration' of type [org.springframework.security.config.annotation.configuration.ObjectPostProcessorConfiguration$$EnhancerBySpringCGLIB$$6856fc18] is not eligible for getting processed by all BeanPostProcessors (for example: not eligible for auto-proxying)
2019-07-17 23:21:19,380 INFO org.springframework.context.support.PostProcessorRegistrationDelegate$BeanPostProcessorChecker [main] Bean 'objectPostProcessor' of type [org.springframework.security.config.annotation.configuration.AutowireBeanFactoryObjectPostProcessor] is not eligible for getting processed by all BeanPostProcessors (for example: not eligible for auto-proxying)
2019-07-17 23:21:19,383 INFO org.springframework.context.support.PostProcessorRegistrationDelegate$BeanPostProcessorChecker [main] Bean 'org.springframework.security.access.expression.method.DefaultMethodSecurityExpressionHandler@39ee94de' of type [org.springframework.security.access.expression.method.DefaultMethodSecurityExpressionHandler] is not eligible for getting processed by all BeanPostProcessors (for example: not eligible for auto-proxying)
2019-07-17 23:21:19,388 INFO org.springframework.context.support.PostProcessorRegistrationDelegate$BeanPostProcessorChecker [main] Bean 'methodSecurityConfig' of type [com.example.btrestful1.configuration.MethodSecurityConfig$$EnhancerBySpringCGLIB$$45eb2c1] is not eligible for getting processed by all BeanPostProcessors (for example: not eligible for auto-proxying)
2019-07-17 23:21:19,396 INFO org.springframework.context.support.PostProcessorRegistrationDelegate$BeanPostProcessorChecker [main] Bean 'methodSecurityMetadataSource' of type [org.springframework.security.access.method.DelegatingMethodSecurityMetadataSource] is not eligible for getting processed by all BeanPostProcessors (for example: not eligible for auto-proxying)
2019-07-17 23:21:19,897 INFO org.springframework.boot.web.embedded.tomcat.TomcatWebServer [main] Tomcat initialized with port(s): 8081 (http)
2019-07-17 23:21:19,931 INFO org.apache.catalina.core.StandardService [main] Starting service [Tomcat]
2019-07-17 23:21:19,932 INFO org.apache.catalina.core.StandardEngine [main] Starting Servlet engine: [Apache Tomcat/9.0.21]
2019-07-17 23:21:20,189 INFO org.apache.catalina.core.ContainerBase.[Tomcat].[localhost].[/] [main] Initializing Spring embedded WebApplicationContext
2019-07-17 23:21:20,190 INFO org.springframework.web.context.ContextLoader [main] Root WebApplicationContext: initialization completed in 3516 ms
2019-07-17 23:21:20,267 INFO org.springframework.boot.web.servlet.RegistrationBean [main] Filter requestResponseLoggingFilter was not registered (possibly already registered?)
2019-07-17 23:21:20,292 INFO com.example.btrestful1.filter.TransactionFilter [main] Initializing filter :com.example.btrestful1.filter.TransactionFilter@19489b27
2019-07-17 23:21:20,293 INFO com.example.btrestful1.filter.RequestResponseLoggingFilter [main] Initializing filter :com.example.btrestful1.filter.RequestResponseLoggingFilter@590765c4
2019-07-17 23:21:20,507 INFO org.flywaydb.core.internal.license.VersionPrinter [main] Flyway Community Edition 5.2.4 by Boxfuse
2019-07-17 23:21:21,588 INFO org.flywaydb.core.internal.database.DatabaseFactory [main] Database: jdbc:mysql://localhost:3306/mysql (MySQL 8.0)
2019-07-17 23:21:21,687 INFO org.flywaydb.core.internal.command.DbValidate [main] Successfully validated 2 migrations (execution time 00:00.028s)
2019-07-17 23:21:21,708 INFO org.flywaydb.core.internal.schemahistory.JdbcTableSchemaHistory [main] Creating Schema History table: `song`.`flyway_schema_history`
2019-07-17 23:21:22,962 INFO org.flywaydb.core.internal.command.DbMigrate [main] Current version of schema `song`: << Empty Schema >>
2019-07-17 23:21:22,965 INFO org.flywaydb.core.internal.command.DbMigrate [main] Migrating schema `song` to version 1 - init
2019-07-17 23:21:24,781 INFO org.flywaydb.core.internal.command.DbMigrate [main] Migrating schema `song` to version 2 - testdata
2019-07-17 23:21:25,040 INFO org.flywaydb.core.internal.command.DbMigrate [main] Successfully applied 2 migrations to schema `song` (execution time 00:03.335s)
2019-07-17 23:21:25,164 INFO com.zaxxer.hikari.HikariDataSource [main] HikariPool-1 - Starting...
2019-07-17 23:21:25,165 WARN com.zaxxer.hikari.util.DriverDataSource [main] Registered driver with driverClassName=com.mysql.jdbc.Driver was not found, trying direct instantiation.
2019-07-17 23:21:25,189 INFO com.zaxxer.hikari.HikariDataSource [main] HikariPool-1 - Start completed.
2019-07-17 23:21:25,269 INFO org.hibernate.jpa.internal.util.LogHelper [main] HHH000204: Processing PersistenceUnitInfo [
	name: default
	...]
2019-07-17 23:21:25,399 INFO org.hibernate.Version [main] HHH000412: Hibernate Core {5.3.10.Final}
2019-07-17 23:21:25,401 INFO org.hibernate.cfg.Environment [main] HHH000206: hibernate.properties not found
2019-07-17 23:21:25,647 INFO org.hibernate.annotations.common.Version [main] HCANN000001: Hibernate Commons Annotations {5.0.4.Final}
2019-07-17 23:21:25,867 INFO org.hibernate.dialect.Dialect [main] HHH000400: Using dialect: org.hibernate.dialect.MySQL5Dialect
2019-07-17 23:21:27,069 INFO org.springframework.orm.jpa.LocalContainerEntityManagerFactoryBean [main] Initialized JPA EntityManagerFactory for persistence unit 'default'
2019-07-17 23:21:27,874 INFO org.hibernate.hql.internal.QueryTranslatorFactoryInitiator [main] HHH000397: Using ASTQueryTranslatorFactory
2019-07-17 23:21:28,996 WARN org.springframework.boot.autoconfigure.orm.jpa.JpaBaseConfiguration$JpaWebConfiguration$JpaWebMvcConfiguration [main] spring.jpa.open-in-view is enabled by default. Therefore, database queries may be performed during view rendering. Explicitly configure spring.jpa.open-in-view to disable this warning
2019-07-17 23:21:29,561 WARN org.springframework.security.oauth2.provider.token.store.JwtAccessTokenConverter [main] Unable to create an RSA verifier from verifierKey (ignoreable if using MAC)
2019-07-17 23:21:29,827 INFO springfox.documentation.spring.web.PropertySourcedRequestMappingHandlerMapping [main] Mapped URL path [/v2/api-docs] onto method [public org.springframework.http.ResponseEntity<springfox.documentation.spring.web.json.Json> springfox.documentation.swagger2.web.Swagger2Controller.getDocumentation(java.lang.String,javax.servlet.http.HttpServletRequest)]
2019-07-17 23:21:30,371 INFO org.springframework.security.web.DefaultSecurityFilterChain [main] Creating filter chain: any request, [org.springframework.security.web.context.request.async.WebAsyncManagerIntegrationFilter@70a3b, org.springframework.security.web.context.SecurityContextPersistenceFilter@2b4675db, org.springframework.security.web.header.HeaderWriterFilter@14b0b7f9, org.springframework.security.web.authentication.logout.LogoutFilter@2a23c061, org.springframework.security.oauth2.provider.authentication.OAuth2AuthenticationProcessingFilter@25291901, org.springframework.security.web.savedrequest.RequestCacheAwareFilter@58ec3e8b, org.springframework.security.web.servletapi.SecurityContextHolderAwareRequestFilter@5ad13be4, org.springframework.security.web.session.SessionManagementFilter@69860811, org.springframework.security.web.access.ExceptionTranslationFilter@6c427386, org.springframework.security.web.access.intercept.FilterSecurityInterceptor@4628f386]
2019-07-17 23:21:30,401 INFO org.springframework.security.web.DefaultSecurityFilterChain [main] Creating filter chain: any request, [org.springframework.security.web.context.request.async.WebAsyncManagerIntegrationFilter@63767d, org.springframework.security.web.context.SecurityContextPersistenceFilter@1b9cfc19, org.springframework.security.web.header.HeaderWriterFilter@75a5a912, org.springframework.security.web.csrf.CsrfFilter@16ca4532, org.springframework.security.web.authentication.logout.LogoutFilter@5e783f78, org.springframework.security.web.authentication.UsernamePasswordAuthenticationFilter@554db19d, org.springframework.security.web.authentication.ui.DefaultLoginPageGeneratingFilter@2fda92e0, org.springframework.security.web.authentication.ui.DefaultLogoutPageGeneratingFilter@6aa85fcf, org.springframework.security.web.authentication.www.BasicAuthenticationFilter@4fa3bebe, org.springframework.security.web.savedrequest.RequestCacheAwareFilter@765d67dd, org.springframework.security.web.servletapi.SecurityContextHolderAwareRequestFilter@2e68bd3d, org.springframework.security.web.authentication.AnonymousAuthenticationFilter@4c90fc3b, org.springframework.security.web.session.SessionManagementFilter@5f3bc119, org.springframework.security.web.access.ExceptionTranslationFilter@2cc82c83, org.springframework.security.web.access.intercept.FilterSecurityInterceptor@79f82fc4]
2019-07-17 23:21:30,511 INFO springfox.documentation.spring.web.plugins.DocumentationPluginsBootstrapper [main] Context refreshed
2019-07-17 23:21:30,566 INFO springfox.documentation.spring.web.plugins.DocumentationPluginsBootstrapper [main] Found 1 custom documentation plugin(s)
2019-07-17 23:21:30,655 INFO springfox.documentation.spring.web.scanners.ApiListingReferenceScanner [main] Scanning for api listing references
2019-07-17 23:21:31,187 INFO org.springframework.boot.web.embedded.tomcat.TomcatWebServer [main] Tomcat started on port(s): 8081 (http) with context path ''
2019-07-17 23:21:31,194 INFO com.example.btrestful1.Btrestful1Application [main] Started Btrestful1Application in 15.423 seconds (JVM running for 19.391)
