2019-07-09 08:37:43.762  INFO 9828 --- [main] c.e.btrestful1.Btrestful1Application     : Starting Btrestful1Application on DESKTOP-HNLGD2K with PID 9828 (D:\intellj_project\btrestful1\target\classes started by Kim Dung in D:\intellj_project\btrestful1)
2019-07-09 08:37:43.768  INFO 9828 --- [main] c.e.btrestful1.Btrestful1Application     : No active profile set, falling back to default profiles: default
2019-07-09 08:37:46.696  INFO 9828 --- [main] .s.d.r.c.RepositoryConfigurationDelegate : Bootstrapping Spring Data repositories in DEFAULT mode.
2019-07-09 08:37:46.874  INFO 9828 --- [main] .s.d.r.c.RepositoryConfigurationDelegate : Finished Spring Data repository scanning in 157ms. Found 3 repository interfaces.
2019-07-09 08:37:47.902  INFO 9828 --- [main] trationDelegate$BeanPostProcessorChecker : Bean 'org.springframework.transaction.annotation.ProxyTransactionManagementConfiguration' of type [org.springframework.transaction.annotation.ProxyTransactionManagementConfiguration$$EnhancerBySpringCGLIB$$9b0ba80f] is not eligible for getting processed by all BeanPostProcessors (for example: not eligible for auto-proxying)
2019-07-09 08:37:48.025  INFO 9828 --- [main] trationDelegate$BeanPostProcessorChecker : Bean 'org.springframework.security.config.annotation.configuration.ObjectPostProcessorConfiguration' of type [org.springframework.security.config.annotation.configuration.ObjectPostProcessorConfiguration$$EnhancerBySpringCGLIB$$33b97049] is not eligible for getting processed by all BeanPostProcessors (for example: not eligible for auto-proxying)
2019-07-09 08:37:48.035  INFO 9828 --- [main] trationDelegate$BeanPostProcessorChecker : Bean 'objectPostProcessor' of type [org.springframework.security.config.annotation.configuration.AutowireBeanFactoryObjectPostProcessor] is not eligible for getting processed by all BeanPostProcessors (for example: not eligible for auto-proxying)
2019-07-09 08:37:48.039  INFO 9828 --- [main] trationDelegate$BeanPostProcessorChecker : Bean 'org.springframework.security.access.expression.method.DefaultMethodSecurityExpressionHandler@30501e60' of type [org.springframework.security.access.expression.method.DefaultMethodSecurityExpressionHandler] is not eligible for getting processed by all BeanPostProcessors (for example: not eligible for auto-proxying)
2019-07-09 08:37:48.051  INFO 9828 --- [main] trationDelegate$BeanPostProcessorChecker : Bean 'methodSecurityConfig' of type [com.example.btrestful1.configuration.MethodSecurityConfig$$EnhancerBySpringCGLIB$$cfc126f2] is not eligible for getting processed by all BeanPostProcessors (for example: not eligible for auto-proxying)
2019-07-09 08:37:48.060  INFO 9828 --- [main] trationDelegate$BeanPostProcessorChecker : Bean 'methodSecurityMetadataSource' of type [org.springframework.security.access.method.DelegatingMethodSecurityMetadataSource] is not eligible for getting processed by all BeanPostProcessors (for example: not eligible for auto-proxying)
2019-07-09 08:37:48.700  INFO 9828 --- [main] o.s.b.w.embedded.tomcat.TomcatWebServer  : Tomcat initialized with port(s): 8081 (http)
2019-07-09 08:37:48.758  INFO 9828 --- [main] o.apache.catalina.core.StandardService   : Starting service [Tomcat]
2019-07-09 08:37:48.759  INFO 9828 --- [main] org.apache.catalina.core.StandardEngine  : Starting Servlet engine: [Apache Tomcat/9.0.21]
2019-07-09 08:37:49.017  INFO 9828 --- [main] o.a.c.c.C.[Tomcat].[localhost].[/]       : Initializing Spring embedded WebApplicationContext
2019-07-09 08:37:49.018  INFO 9828 --- [main] o.s.web.context.ContextLoader            : Root WebApplicationContext: initialization completed in 5019 ms
2019-07-09 08:37:49.073  INFO 9828 --- [main] o.s.boot.web.servlet.RegistrationBean    : Filter requestResponseLoggingFilter was not registered (possibly already registered?)
2019-07-09 08:37:49.089  INFO 9828 --- [main] c.e.btrestful1.filter.TransactionFilter  : Initializing filter :com.example.btrestful1.filter.TransactionFilter@12c60152
2019-07-09 08:37:49.091  INFO 9828 --- [main] c.e.b.f.RequestResponseLoggingFilter     : Initializing filter :com.example.btrestful1.filter.RequestResponseLoggingFilter@45e1aa48
2019-07-09 08:37:49.266  INFO 9828 --- [main] com.zaxxer.hikari.HikariDataSource       : HikariPool-1 - Starting...
2019-07-09 08:37:49.267  WARN 9828 --- [main] com.zaxxer.hikari.util.DriverDataSource  : Registered driver with driverClassName=com.mysql.jdbc.Driver was not found, trying direct instantiation.
2019-07-09 08:37:49.420  INFO 9828 --- [main] com.zaxxer.hikari.HikariDataSource       : HikariPool-1 - Start completed.
2019-07-09 08:37:49.639  INFO 9828 --- [main] o.hibernate.jpa.internal.util.LogHelper  : HHH000204: Processing PersistenceUnitInfo [
	name: default
	...]
2019-07-09 08:37:49.713  INFO 9828 --- [main] org.hibernate.Version                    : HHH000412: Hibernate Core {5.3.10.Final}
2019-07-09 08:37:49.715  INFO 9828 --- [main] org.hibernate.cfg.Environment            : HHH000206: hibernate.properties not found
2019-07-09 08:37:49.861  INFO 9828 --- [main] o.hibernate.annotations.common.Version   : HCANN000001: Hibernate Commons Annotations {5.0.4.Final}
2019-07-09 08:37:50.024  INFO 9828 --- [main] org.hibernate.dialect.Dialect            : HHH000400: Using dialect: org.hibernate.dialect.MySQL5Dialect
2019-07-09 08:37:51.116  INFO 9828 --- [main] j.LocalContainerEntityManagerFactoryBean : Initialized JPA EntityManagerFactory for persistence unit 'default'
2019-07-09 08:37:51.766  INFO 9828 --- [main] o.h.h.i.QueryTranslatorFactoryInitiator  : HHH000397: Using ASTQueryTranslatorFactory
2019-07-09 08:37:52.355  WARN 9828 --- [main] aWebConfiguration$JpaWebMvcConfiguration : spring.jpa.open-in-view is enabled by default. Therefore, database queries may be performed during view rendering. Explicitly configure spring.jpa.open-in-view to disable this warning
2019-07-09 08:37:52.753  WARN 9828 --- [main] o.s.s.o.p.t.s.JwtAccessTokenConverter    : Unable to create an RSA verifier from verifierKey (ignoreable if using MAC)
2019-07-09 08:37:52.938  INFO 9828 --- [main] pertySourcedRequestMappingHandlerMapping : Mapped URL path [/v2/api-docs] onto method [public org.springframework.http.ResponseEntity<springfox.documentation.spring.web.json.Json> springfox.documentation.swagger2.web.Swagger2Controller.getDocumentation(java.lang.String,javax.servlet.http.HttpServletRequest)]
2019-07-09 08:37:53.622  INFO 9828 --- [main] o.s.s.web.DefaultSecurityFilterChain     : Creating filter chain: any request, [org.springframework.security.web.context.request.async.WebAsyncManagerIntegrationFilter@45f241df, org.springframework.security.web.context.SecurityContextPersistenceFilter@41f40dfa, org.springframework.security.web.header.HeaderWriterFilter@2299f6d7, org.springframework.security.web.authentication.logout.LogoutFilter@7ef60c02, org.springframework.security.oauth2.provider.authentication.OAuth2AuthenticationProcessingFilter@2b62475a, org.springframework.security.web.savedrequest.RequestCacheAwareFilter@4331be30, org.springframework.security.web.servletapi.SecurityContextHolderAwareRequestFilter@6a9df5, org.springframework.security.web.session.SessionManagementFilter@6c9151c1, org.springframework.security.web.access.ExceptionTranslationFilter@199806aa, org.springframework.security.web.access.intercept.FilterSecurityInterceptor@5d74507c]
2019-07-09 08:37:53.654  INFO 9828 --- [main] o.s.s.web.DefaultSecurityFilterChain     : Creating filter chain: any request, [org.springframework.security.web.context.request.async.WebAsyncManagerIntegrationFilter@5615f82d, org.springframework.security.web.context.SecurityContextPersistenceFilter@1a3c4b3e, org.springframework.security.web.header.HeaderWriterFilter@45f0038, org.springframework.security.web.csrf.CsrfFilter@41bdaa81, org.springframework.security.web.authentication.logout.LogoutFilter@513fab1e, org.springframework.security.web.authentication.UsernamePasswordAuthenticationFilter@74f649a7, org.springframework.security.web.authentication.ui.DefaultLoginPageGeneratingFilter@41d877bb, org.springframework.security.web.authentication.ui.DefaultLogoutPageGeneratingFilter@21698e5a, org.springframework.security.web.authentication.www.BasicAuthenticationFilter@bc52a41, org.springframework.security.web.savedrequest.RequestCacheAwareFilter@4746fb8c, org.springframework.security.web.servletapi.SecurityContextHolderAwareRequestFilter@3be46d9c, org.springframework.security.web.authentication.AnonymousAuthenticationFilter@3dc2f14, org.springframework.security.web.session.SessionManagementFilter@289a4b90, org.springframework.security.web.access.ExceptionTranslationFilter@59c08cf1, org.springframework.security.web.access.intercept.FilterSecurityInterceptor@118a4d5]
2019-07-09 08:37:53.743  INFO 9828 --- [main] d.s.w.p.DocumentationPluginsBootstrapper : Context refreshed
2019-07-09 08:37:53.764  INFO 9828 --- [main] d.s.w.p.DocumentationPluginsBootstrapper : Found 1 custom documentation plugin(s)
2019-07-09 08:37:53.816  INFO 9828 --- [main] s.d.s.w.s.ApiListingReferenceScanner     : Scanning for api listing references
2019-07-09 08:37:54.341  INFO 9828 --- [main] o.s.b.w.embedded.tomcat.TomcatWebServer  : Tomcat started on port(s): 8081 (http) with context path ''
2019-07-09 08:37:54.344  INFO 9828 --- [main] c.e.btrestful1.Btrestful1Application     : Started Btrestful1Application in 11.326 seconds (JVM running for 13.244)
2019-07-09 08:38:37.994  INFO 9828 --- [http-nio-8081-exec-1] o.a.c.c.C.[Tomcat].[localhost].[/]       : Initializing Spring DispatcherServlet 'dispatcherServlet'
2019-07-09 08:38:37.994  INFO 9828 --- [http-nio-8081-exec-1] o.s.web.servlet.DispatcherServlet        : Initializing Servlet 'dispatcherServlet'
2019-07-09 08:38:38.013  INFO 9828 --- [http-nio-8081-exec-1] o.s.web.servlet.DispatcherServlet        : Completed initialization in 18 ms
2019-07-09 08:38:38.044  INFO 9828 --- [http-nio-8081-exec-1] c.e.btrestful1.filter.TransactionFilter  : Starting a transaction for req : /composers
2019-07-09 08:38:38.046  INFO 9828 --- [http-nio-8081-exec-1] c.e.b.f.RequestResponseLoggingFilter     : Logging Request  GET : /composers
2019-07-09 08:38:38.082  INFO 9828 --- [http-nio-8081-exec-1] c.e.b.controller.ComposerController      : This is INFO
2019-07-09 08:38:38.083  WARN 9828 --- [http-nio-8081-exec-1] c.e.b.controller.ComposerController      : This is WARN
2019-07-09 08:38:38.083 ERROR 9828 --- [http-nio-8081-exec-1] c.e.b.controller.ComposerController      : This is ERROR
2019-07-09 08:38:38.297  INFO 9828 --- [http-nio-8081-exec-1] c.e.b.f.RequestResponseLoggingFilter     : Logging Response :application/json;charset=UTF-8
2019-07-09 08:38:38.298  INFO 9828 --- [http-nio-8081-exec-1] c.e.btrestful1.filter.TransactionFilter  : Commiting Transactipn for req:/composers
2019-07-09 08:43:34.131  INFO 6536 --- [main] c.e.btrestful1.Btrestful1Application     : Starting Btrestful1Application on DESKTOP-HNLGD2K with PID 6536 (D:\intellj_project\btrestful1\target\classes started by Kim Dung in D:\intellj_project\btrestful1)
2019-07-09 08:43:34.136  INFO 6536 --- [main] c.e.btrestful1.Btrestful1Application     : No active profile set, falling back to default profiles: default
2019-07-09 08:43:36.894  INFO 6536 --- [main] .s.d.r.c.RepositoryConfigurationDelegate : Bootstrapping Spring Data repositories in DEFAULT mode.
2019-07-09 08:43:37.122  INFO 6536 --- [main] .s.d.r.c.RepositoryConfigurationDelegate : Finished Spring Data repository scanning in 178ms. Found 3 repository interfaces.
2019-07-09 08:43:37.644  INFO 6536 --- [main] trationDelegate$BeanPostProcessorChecker : Bean 'org.springframework.transaction.annotation.ProxyTransactionManagementConfiguration' of type [org.springframework.transaction.annotation.ProxyTransactionManagementConfiguration$$EnhancerBySpringCGLIB$$b0ef3fc2] is not eligible for getting processed by all BeanPostProcessors (for example: not eligible for auto-proxying)
2019-07-09 08:43:37.697  INFO 6536 --- [main] trationDelegate$BeanPostProcessorChecker : Bean 'org.springframework.security.config.annotation.configuration.ObjectPostProcessorConfiguration' of type [org.springframework.security.config.annotation.configuration.ObjectPostProcessorConfiguration$$EnhancerBySpringCGLIB$$499d07fc] is not eligible for getting processed by all BeanPostProcessors (for example: not eligible for auto-proxying)
2019-07-09 08:43:37.706  INFO 6536 --- [main] trationDelegate$BeanPostProcessorChecker : Bean 'objectPostProcessor' of type [org.springframework.security.config.annotation.configuration.AutowireBeanFactoryObjectPostProcessor] is not eligible for getting processed by all BeanPostProcessors (for example: not eligible for auto-proxying)
2019-07-09 08:43:37.710  INFO 6536 --- [main] trationDelegate$BeanPostProcessorChecker : Bean 'org.springframework.security.access.expression.method.DefaultMethodSecurityExpressionHandler@4d7aaca2' of type [org.springframework.security.access.expression.method.DefaultMethodSecurityExpressionHandler] is not eligible for getting processed by all BeanPostProcessors (for example: not eligible for auto-proxying)
2019-07-09 08:43:37.714  INFO 6536 --- [main] trationDelegate$BeanPostProcessorChecker : Bean 'methodSecurityConfig' of type [com.example.btrestful1.configuration.MethodSecurityConfig$$EnhancerBySpringCGLIB$$e5a4bea5] is not eligible for getting processed by all BeanPostProcessors (for example: not eligible for auto-proxying)
2019-07-09 08:43:37.722  INFO 6536 --- [main] trationDelegate$BeanPostProcessorChecker : Bean 'methodSecurityMetadataSource' of type [org.springframework.security.access.method.DelegatingMethodSecurityMetadataSource] is not eligible for getting processed by all BeanPostProcessors (for example: not eligible for auto-proxying)
2019-07-09 08:43:38.074  INFO 6536 --- [main] o.s.b.w.embedded.tomcat.TomcatWebServer  : Tomcat initialized with port(s): 8081 (http)
2019-07-09 08:43:38.101  INFO 6536 --- [main] o.apache.catalina.core.StandardService   : Starting service [Tomcat]
2019-07-09 08:43:38.102  INFO 6536 --- [main] org.apache.catalina.core.StandardEngine  : Starting Servlet engine: [Apache Tomcat/9.0.21]
2019-07-09 08:43:38.288  INFO 6536 --- [main] o.a.c.c.C.[Tomcat].[localhost].[/]       : Initializing Spring embedded WebApplicationContext
2019-07-09 08:43:38.289  INFO 6536 --- [main] o.s.web.context.ContextLoader            : Root WebApplicationContext: initialization completed in 4025 ms
2019-07-09 08:43:38.346  INFO 6536 --- [main] o.s.boot.web.servlet.RegistrationBean    : Filter requestResponseLoggingFilter was not registered (possibly already registered?)
2019-07-09 08:43:38.362  INFO 6536 --- [main] c.e.btrestful1.filter.TransactionFilter  : Initializing filter :com.example.btrestful1.filter.TransactionFilter@4d62f4c6
2019-07-09 08:43:38.363  INFO 6536 --- [main] c.e.b.f.RequestResponseLoggingFilter     : Initializing filter :com.example.btrestful1.filter.RequestResponseLoggingFilter@2f66f0d0
2019-07-09 08:43:38.525  INFO 6536 --- [main] com.zaxxer.hikari.HikariDataSource       : HikariPool-1 - Starting...
2019-07-09 08:43:38.526  WARN 6536 --- [main] com.zaxxer.hikari.util.DriverDataSource  : Registered driver with driverClassName=com.mysql.jdbc.Driver was not found, trying direct instantiation.
2019-07-09 08:43:38.679  INFO 6536 --- [main] com.zaxxer.hikari.HikariDataSource       : HikariPool-1 - Start completed.
2019-07-09 08:43:38.912  INFO 6536 --- [main] o.hibernate.jpa.internal.util.LogHelper  : HHH000204: Processing PersistenceUnitInfo [
	name: default
	...]
2019-07-09 08:43:38.988  INFO 6536 --- [main] org.hibernate.Version                    : HHH000412: Hibernate Core {5.3.10.Final}
2019-07-09 08:43:38.991  INFO 6536 --- [main] org.hibernate.cfg.Environment            : HHH000206: hibernate.properties not found
2019-07-09 08:43:39.157  INFO 6536 --- [main] o.hibernate.annotations.common.Version   : HCANN000001: Hibernate Commons Annotations {5.0.4.Final}
2019-07-09 08:43:39.317  INFO 6536 --- [main] org.hibernate.dialect.Dialect            : HHH000400: Using dialect: org.hibernate.dialect.MySQL5Dialect
2019-07-09 08:43:40.224  INFO 6536 --- [main] j.LocalContainerEntityManagerFactoryBean : Initialized JPA EntityManagerFactory for persistence unit 'default'
2019-07-09 08:43:40.826  INFO 6536 --- [main] o.h.h.i.QueryTranslatorFactoryInitiator  : HHH000397: Using ASTQueryTranslatorFactory
2019-07-09 08:43:41.450  WARN 6536 --- [main] aWebConfiguration$JpaWebMvcConfiguration : spring.jpa.open-in-view is enabled by default. Therefore, database queries may be performed during view rendering. Explicitly configure spring.jpa.open-in-view to disable this warning
2019-07-09 08:43:41.846  WARN 6536 --- [main] o.s.s.o.p.t.s.JwtAccessTokenConverter    : Unable to create an RSA verifier from verifierKey (ignoreable if using MAC)
2019-07-09 08:43:42.019  INFO 6536 --- [main] pertySourcedRequestMappingHandlerMapping : Mapped URL path [/v2/api-docs] onto method [public org.springframework.http.ResponseEntity<springfox.documentation.spring.web.json.Json> springfox.documentation.swagger2.web.Swagger2Controller.getDocumentation(java.lang.String,javax.servlet.http.HttpServletRequest)]
2019-07-09 08:43:42.895  INFO 6536 --- [main] o.s.s.web.DefaultSecurityFilterChain     : Creating filter chain: any request, [org.springframework.security.web.context.request.async.WebAsyncManagerIntegrationFilter@41d877bb, org.springframework.security.web.context.SecurityContextPersistenceFilter@65503a26, org.springframework.security.web.header.HeaderWriterFilter@5b64f771, org.springframework.security.web.authentication.logout.LogoutFilter@c30f26d, org.springframework.security.oauth2.provider.authentication.OAuth2AuthenticationProcessingFilter@59c08cf1, org.springframework.security.web.savedrequest.RequestCacheAwareFilter@26d7cb0d, org.springframework.security.web.servletapi.SecurityContextHolderAwareRequestFilter@41026e5c, org.springframework.security.web.session.SessionManagementFilter@24e2355c, org.springframework.security.web.access.ExceptionTranslationFilter@5d9d8e46, org.springframework.security.web.access.intercept.FilterSecurityInterceptor@624d778e]
2019-07-09 08:43:42.914  INFO 6536 --- [main] o.s.s.web.DefaultSecurityFilterChain     : Creating filter chain: any request, [org.springframework.security.web.context.request.async.WebAsyncManagerIntegrationFilter@1ab9c735, org.springframework.security.web.context.SecurityContextPersistenceFilter@4ba13fed, org.springframework.security.web.header.HeaderWriterFilter@5814b4fb, org.springframework.security.web.csrf.CsrfFilter@2e8986b6, org.springframework.security.web.authentication.logout.LogoutFilter@3a988299, org.springframework.security.web.authentication.UsernamePasswordAuthenticationFilter@321c2a7, org.springframework.security.web.authentication.ui.DefaultLoginPageGeneratingFilter@73d83141, org.springframework.security.web.authentication.ui.DefaultLogoutPageGeneratingFilter@6e4e60f5, org.springframework.security.web.authentication.www.BasicAuthenticationFilter@31433df9, org.springframework.security.web.savedrequest.RequestCacheAwareFilter@651cedfb, org.springframework.security.web.servletapi.SecurityContextHolderAwareRequestFilter@18d22ecf, org.springframework.security.web.authentication.AnonymousAuthenticationFilter@464a3430, org.springframework.security.web.session.SessionManagementFilter@3aca2579, org.springframework.security.web.access.ExceptionTranslationFilter@3ad2883a, org.springframework.security.web.access.intercept.FilterSecurityInterceptor@683fe7b5]
2019-07-09 08:43:43.002  INFO 6536 --- [main] d.s.w.p.DocumentationPluginsBootstrapper : Context refreshed
2019-07-09 08:43:43.021  INFO 6536 --- [main] d.s.w.p.DocumentationPluginsBootstrapper : Found 1 custom documentation plugin(s)
2019-07-09 08:43:43.080  INFO 6536 --- [main] s.d.s.w.s.ApiListingReferenceScanner     : Scanning for api listing references
2019-07-09 08:43:43.477  INFO 6536 --- [main] o.s.b.w.embedded.tomcat.TomcatWebServer  : Tomcat started on port(s): 8081 (http) with context path ''
2019-07-09 08:43:43.481  INFO 6536 --- [main] c.e.btrestful1.Btrestful1Application     : Started Btrestful1Application in 10.102 seconds (JVM running for 12.205)
2019-07-09 08:44:02.392  INFO 6536 --- [http-nio-8081-exec-1] o.a.c.c.C.[Tomcat].[localhost].[/]       : Initializing Spring DispatcherServlet 'dispatcherServlet'
2019-07-09 08:44:02.393  INFO 6536 --- [http-nio-8081-exec-1] o.s.web.servlet.DispatcherServlet        : Initializing Servlet 'dispatcherServlet'
2019-07-09 08:44:02.407  INFO 6536 --- [http-nio-8081-exec-1] o.s.web.servlet.DispatcherServlet        : Completed initialization in 14 ms
2019-07-09 08:44:02.431  INFO 6536 --- [http-nio-8081-exec-1] c.e.btrestful1.filter.TransactionFilter  : Starting a transaction for req : /composers
2019-07-09 08:44:02.431  INFO 6536 --- [http-nio-8081-exec-1] c.e.b.f.RequestResponseLoggingFilter     : Logging Request  GET : /composers
2019-07-09 08:44:02.468  INFO 6536 --- [http-nio-8081-exec-1] c.e.b.controller.ComposerController      : This is INFO
2019-07-09 08:44:02.469  WARN 6536 --- [http-nio-8081-exec-1] c.e.b.controller.ComposerController      : This is WARN
2019-07-09 08:44:02.470 ERROR 6536 --- [http-nio-8081-exec-1] c.e.b.controller.ComposerController      : This is ERROR
2019-07-09 08:44:02.671  INFO 6536 --- [http-nio-8081-exec-1] c.e.b.f.RequestResponseLoggingFilter     : Logging Response :application/json;charset=UTF-8
2019-07-09 08:44:02.671  INFO 6536 --- [http-nio-8081-exec-1] c.e.btrestful1.filter.TransactionFilter  : Commiting Transactipn for req:/composers
2019-07-09 09:15:57,573 INFO com.example.btrestful1.Btrestful1Application [main] Starting Btrestful1Application on DESKTOP-HNLGD2K with PID 13336 (D:\intellj_project\btrestful1\target\classes started by Kim Dung in D:\intellj_project\btrestful1)
2019-07-09 09:15:57,579 INFO com.example.btrestful1.Btrestful1Application [main] No active profile set, falling back to default profiles: default
2019-07-09 09:16:01,129 INFO org.springframework.data.repository.config.RepositoryConfigurationDelegate [main] Bootstrapping Spring Data repositories in DEFAULT mode.
2019-07-09 09:16:01,412 INFO org.springframework.data.repository.config.RepositoryConfigurationDelegate [main] Finished Spring Data repository scanning in 254ms. Found 3 repository interfaces.
2019-07-09 09:16:02,432 INFO org.springframework.context.support.PostProcessorRegistrationDelegate$BeanPostProcessorChecker [main] Bean 'org.springframework.transaction.annotation.ProxyTransactionManagementConfiguration' of type [org.springframework.transaction.annotation.ProxyTransactionManagementConfiguration$$EnhancerBySpringCGLIB$$78de4590] is not eligible for getting processed by all BeanPostProcessors (for example: not eligible for auto-proxying)
2019-07-09 09:16:02,526 INFO org.springframework.context.support.PostProcessorRegistrationDelegate$BeanPostProcessorChecker [main] Bean 'org.springframework.security.config.annotation.configuration.ObjectPostProcessorConfiguration' of type [org.springframework.security.config.annotation.configuration.ObjectPostProcessorConfiguration$$EnhancerBySpringCGLIB$$118c0dca] is not eligible for getting processed by all BeanPostProcessors (for example: not eligible for auto-proxying)
2019-07-09 09:16:02,536 INFO org.springframework.context.support.PostProcessorRegistrationDelegate$BeanPostProcessorChecker [main] Bean 'objectPostProcessor' of type [org.springframework.security.config.annotation.configuration.AutowireBeanFactoryObjectPostProcessor] is not eligible for getting processed by all BeanPostProcessors (for example: not eligible for auto-proxying)
2019-07-09 09:16:02,541 INFO org.springframework.context.support.PostProcessorRegistrationDelegate$BeanPostProcessorChecker [main] Bean 'org.springframework.security.access.expression.method.DefaultMethodSecurityExpressionHandler@724c5cbe' of type [org.springframework.security.access.expression.method.DefaultMethodSecurityExpressionHandler] is not eligible for getting processed by all BeanPostProcessors (for example: not eligible for auto-proxying)
2019-07-09 09:16:02,544 INFO org.springframework.context.support.PostProcessorRegistrationDelegate$BeanPostProcessorChecker [main] Bean 'methodSecurityConfig' of type [com.example.btrestful1.configuration.MethodSecurityConfig$$EnhancerBySpringCGLIB$$ad93c473] is not eligible for getting processed by all BeanPostProcessors (for example: not eligible for auto-proxying)
2019-07-09 09:16:02,555 INFO org.springframework.context.support.PostProcessorRegistrationDelegate$BeanPostProcessorChecker [main] Bean 'methodSecurityMetadataSource' of type [org.springframework.security.access.method.DelegatingMethodSecurityMetadataSource] is not eligible for getting processed by all BeanPostProcessors (for example: not eligible for auto-proxying)
2019-07-09 09:16:03,074 INFO org.springframework.boot.web.embedded.tomcat.TomcatWebServer [main] Tomcat initialized with port(s): 8081 (http)
2019-07-09 09:16:03,122 INFO org.apache.catalina.core.StandardService [main] Starting service [Tomcat]
2019-07-09 09:16:03,122 INFO org.apache.catalina.core.StandardEngine [main] Starting Servlet engine: [Apache Tomcat/9.0.21]
2019-07-09 09:16:03,458 INFO org.apache.catalina.core.ContainerBase.[Tomcat].[localhost].[/] [main] Initializing Spring embedded WebApplicationContext
2019-07-09 09:16:03,459 INFO org.springframework.web.context.ContextLoader [main] Root WebApplicationContext: initialization completed in 5762 ms
2019-07-09 09:16:03,544 INFO org.springframework.boot.web.servlet.RegistrationBean [main] Filter requestResponseLoggingFilter was not registered (possibly already registered?)
2019-07-09 09:16:03,566 INFO com.example.btrestful1.filter.TransactionFilter [main] Initializing filter :com.example.btrestful1.filter.TransactionFilter@79316f3a
2019-07-09 09:16:03,568 INFO com.example.btrestful1.filter.RequestResponseLoggingFilter [main] Initializing filter :com.example.btrestful1.filter.RequestResponseLoggingFilter@4743a322
2019-07-09 09:16:03,793 INFO com.zaxxer.hikari.HikariDataSource [main] HikariPool-1 - Starting...
2019-07-09 09:16:03,795 WARN com.zaxxer.hikari.util.DriverDataSource [main] Registered driver with driverClassName=com.mysql.jdbc.Driver was not found, trying direct instantiation.
2019-07-09 09:16:04,032 INFO com.zaxxer.hikari.HikariDataSource [main] HikariPool-1 - Start completed.
2019-07-09 09:16:04,368 INFO org.hibernate.jpa.internal.util.LogHelper [main] HHH000204: Processing PersistenceUnitInfo [
	name: default
	...]
2019-07-09 09:16:04,513 INFO org.hibernate.Version [main] HHH000412: Hibernate Core {5.3.10.Final}
2019-07-09 09:16:04,518 INFO org.hibernate.cfg.Environment [main] HHH000206: hibernate.properties not found
2019-07-09 09:16:04,829 INFO org.hibernate.annotations.common.Version [main] HCANN000001: Hibernate Commons Annotations {5.0.4.Final}
2019-07-09 09:16:05,106 INFO org.hibernate.dialect.Dialect [main] HHH000400: Using dialect: org.hibernate.dialect.MySQL5Dialect
2019-07-09 09:16:06,485 INFO org.springframework.orm.jpa.LocalContainerEntityManagerFactoryBean [main] Initialized JPA EntityManagerFactory for persistence unit 'default'
2019-07-09 09:16:07,109 INFO org.hibernate.hql.internal.QueryTranslatorFactoryInitiator [main] HHH000397: Using ASTQueryTranslatorFactory
2019-07-09 09:16:07,772 WARN org.springframework.boot.autoconfigure.orm.jpa.JpaBaseConfiguration$JpaWebConfiguration$JpaWebMvcConfiguration [main] spring.jpa.open-in-view is enabled by default. Therefore, database queries may be performed during view rendering. Explicitly configure spring.jpa.open-in-view to disable this warning
2019-07-09 09:16:08,180 WARN org.springframework.security.oauth2.provider.token.store.JwtAccessTokenConverter [main] Unable to create an RSA verifier from verifierKey (ignoreable if using MAC)
2019-07-09 09:16:08,365 INFO springfox.documentation.spring.web.PropertySourcedRequestMappingHandlerMapping [main] Mapped URL path [/v2/api-docs] onto method [public org.springframework.http.ResponseEntity<springfox.documentation.spring.web.json.Json> springfox.documentation.swagger2.web.Swagger2Controller.getDocumentation(java.lang.String,javax.servlet.http.HttpServletRequest)]
2019-07-09 09:16:09,193 INFO org.springframework.security.web.DefaultSecurityFilterChain [main] Creating filter chain: any request, [org.springframework.security.web.context.request.async.WebAsyncManagerIntegrationFilter@321c2a7, org.springframework.security.web.context.SecurityContextPersistenceFilter@24dc150c, org.springframework.security.web.header.HeaderWriterFilter@181098bf, org.springframework.security.web.authentication.logout.LogoutFilter@32caae19, org.springframework.security.oauth2.provider.authentication.OAuth2AuthenticationProcessingFilter@67a38, org.springframework.security.web.savedrequest.RequestCacheAwareFilter@5e020dd1, org.springframework.security.web.servletapi.SecurityContextHolderAwareRequestFilter@4990b335, org.springframework.security.web.session.SessionManagementFilter@6a552721, org.springframework.security.web.access.ExceptionTranslationFilter@62b42406, org.springframework.security.web.access.intercept.FilterSecurityInterceptor@4ff9f715]
2019-07-09 09:16:09,223 INFO org.springframework.security.web.DefaultSecurityFilterChain [main] Creating filter chain: any request, [org.springframework.security.web.context.request.async.WebAsyncManagerIntegrationFilter@736788b, org.springframework.security.web.context.SecurityContextPersistenceFilter@63f3366a, org.springframework.security.web.header.HeaderWriterFilter@c2e33, org.springframework.security.web.csrf.CsrfFilter@454e9d65, org.springframework.security.web.authentication.logout.LogoutFilter@5bad555b, org.springframework.security.web.authentication.UsernamePasswordAuthenticationFilter@ecf028c, org.springframework.security.web.authentication.ui.DefaultLoginPageGeneratingFilter@26679788, org.springframework.security.web.authentication.ui.DefaultLogoutPageGeneratingFilter@38968752, org.springframework.security.web.authentication.www.BasicAuthenticationFilter@2d3eecda, org.springframework.security.web.savedrequest.RequestCacheAwareFilter@37e491e2, org.springframework.security.web.servletapi.SecurityContextHolderAwareRequestFilter@56f84c9b, org.springframework.security.web.authentication.AnonymousAuthenticationFilter@6294e4a6, org.springframework.security.web.session.SessionManagementFilter@31183ee2, org.springframework.security.web.access.ExceptionTranslationFilter@6807989e, org.springframework.security.web.access.intercept.FilterSecurityInterceptor@25ea068e]
2019-07-09 09:16:09,308 INFO springfox.documentation.spring.web.plugins.DocumentationPluginsBootstrapper [main] Context refreshed
2019-07-09 09:16:09,331 INFO springfox.documentation.spring.web.plugins.DocumentationPluginsBootstrapper [main] Found 1 custom documentation plugin(s)
2019-07-09 09:16:09,387 INFO springfox.documentation.spring.web.scanners.ApiListingReferenceScanner [main] Scanning for api listing references
2019-07-09 09:16:09,826 INFO org.springframework.boot.web.embedded.tomcat.TomcatWebServer [main] Tomcat started on port(s): 8081 (http) with context path ''
2019-07-09 09:16:09,829 INFO com.example.btrestful1.Btrestful1Application [main] Started Btrestful1Application in 13.019 seconds (JVM running for 15.105)
2019-07-09 09:16:28,723 INFO org.apache.catalina.core.ContainerBase.[Tomcat].[localhost].[/] [http-nio-8081-exec-1] Initializing Spring DispatcherServlet 'dispatcherServlet'
2019-07-09 09:16:28,724 INFO org.springframework.web.servlet.DispatcherServlet [http-nio-8081-exec-1] Initializing Servlet 'dispatcherServlet'
2019-07-09 09:16:28,741 INFO org.springframework.web.servlet.DispatcherServlet [http-nio-8081-exec-1] Completed initialization in 16 ms
2019-07-09 09:16:28,771 INFO com.example.btrestful1.filter.TransactionFilter [http-nio-8081-exec-1] Starting a transaction for req : /composers
2019-07-09 09:16:28,771 INFO com.example.btrestful1.filter.RequestResponseLoggingFilter [http-nio-8081-exec-1] Logging Request  GET : /composers
2019-07-09 09:16:28,814 INFO com.example.btrestful1.controller.ComposerController [http-nio-8081-exec-1] This is INFO
2019-07-09 09:16:28,814 WARN com.example.btrestful1.controller.ComposerController [http-nio-8081-exec-1] This is WARN
2019-07-09 09:16:28,814 ERROR com.example.btrestful1.controller.ComposerController [http-nio-8081-exec-1] This is ERROR
2019-07-09 09:16:29,001 INFO com.example.btrestful1.filter.RequestResponseLoggingFilter [http-nio-8081-exec-1] Logging Response :application/json;charset=UTF-8
2019-07-09 09:16:29,001 INFO com.example.btrestful1.filter.TransactionFilter [http-nio-8081-exec-1] Commiting Transactipn for req:/composers
