2019-07-17 23:14:41,530 INFO com.example.btrestful1.Btrestful1Application [main] Starting Btrestful1Application on DESKTOP-HNLGD2K with PID 12152 (D:\intellj_project\btrestful1\target\classes started by Kim Dung in D:\intellj_project\btrestful1)
2019-07-17 23:14:41,538 DEBUG com.example.btrestful1.Btrestful1Application [main] Running with Spring Boot v2.1.6.RELEASE, Spring v5.1.8.RELEASE
2019-07-17 23:14:41,539 INFO com.example.btrestful1.Btrestful1Application [main] No active profile set, falling back to default profiles: default
2019-07-17 23:14:43,175 INFO org.springframework.data.repository.config.RepositoryConfigurationDelegate [main] Bootstrapping Spring Data repositories in DEFAULT mode.
2019-07-17 23:14:43,333 INFO org.springframework.data.repository.config.RepositoryConfigurationDelegate [main] Finished Spring Data repository scanning in 145ms. Found 3 repository interfaces.
2019-07-17 23:14:43,999 INFO org.springframework.context.support.PostProcessorRegistrationDelegate$BeanPostProcessorChecker [main] Bean 'org.springframework.transaction.annotation.ProxyTransactionManagementConfiguration' of type [org.springframework.transaction.annotation.ProxyTransactionManagementConfiguration$$EnhancerBySpringCGLIB$$eba0767] is not eligible for getting processed by all BeanPostProcessors (for example: not eligible for auto-proxying)
2019-07-17 23:14:44,070 INFO org.springframework.context.support.PostProcessorRegistrationDelegate$BeanPostProcessorChecker [main] Bean 'org.springframework.security.config.annotation.configuration.ObjectPostProcessorConfiguration' of type [org.springframework.security.config.annotation.configuration.ObjectPostProcessorConfiguration$$EnhancerBySpringCGLIB$$a767cfa1] is not eligible for getting processed by all BeanPostProcessors (for example: not eligible for auto-proxying)
2019-07-17 23:14:44,078 INFO org.springframework.context.support.PostProcessorRegistrationDelegate$BeanPostProcessorChecker [main] Bean 'objectPostProcessor' of type [org.springframework.security.config.annotation.configuration.AutowireBeanFactoryObjectPostProcessor] is not eligible for getting processed by all BeanPostProcessors (for example: not eligible for auto-proxying)
2019-07-17 23:14:44,081 INFO org.springframework.context.support.PostProcessorRegistrationDelegate$BeanPostProcessorChecker [main] Bean 'org.springframework.security.access.expression.method.DefaultMethodSecurityExpressionHandler@7e4579c7' of type [org.springframework.security.access.expression.method.DefaultMethodSecurityExpressionHandler] is not eligible for getting processed by all BeanPostProcessors (for example: not eligible for auto-proxying)
2019-07-17 23:14:44,083 INFO org.springframework.context.support.PostProcessorRegistrationDelegate$BeanPostProcessorChecker [main] Bean 'methodSecurityConfig' of type [com.example.btrestful1.configuration.MethodSecurityConfig$$EnhancerBySpringCGLIB$$436f864a] is not eligible for getting processed by all BeanPostProcessors (for example: not eligible for auto-proxying)
2019-07-17 23:14:44,092 INFO org.springframework.context.support.PostProcessorRegistrationDelegate$BeanPostProcessorChecker [main] Bean 'methodSecurityMetadataSource' of type [org.springframework.security.access.method.DelegatingMethodSecurityMetadataSource] is not eligible for getting processed by all BeanPostProcessors (for example: not eligible for auto-proxying)
2019-07-17 23:14:44,546 INFO org.springframework.boot.web.embedded.tomcat.TomcatWebServer [main] Tomcat initialized with port(s): 8081 (http)
2019-07-17 23:14:44,579 INFO org.apache.catalina.core.StandardService [main] Starting service [Tomcat]
2019-07-17 23:14:44,579 INFO org.apache.catalina.core.StandardEngine [main] Starting Servlet engine: [Apache Tomcat/9.0.21]
2019-07-17 23:14:44,818 INFO org.apache.catalina.core.ContainerBase.[Tomcat].[localhost].[/] [main] Initializing Spring embedded WebApplicationContext
2019-07-17 23:14:44,818 INFO org.springframework.web.context.ContextLoader [main] Root WebApplicationContext: initialization completed in 3192 ms
2019-07-17 23:14:44,885 INFO org.springframework.boot.web.servlet.RegistrationBean [main] Filter requestResponseLoggingFilter was not registered (possibly already registered?)
2019-07-17 23:14:44,907 INFO com.example.btrestful1.filter.TransactionFilter [main] Initializing filter :com.example.btrestful1.filter.TransactionFilter@56826a75
2019-07-17 23:14:44,909 INFO com.example.btrestful1.filter.RequestResponseLoggingFilter [main] Initializing filter :com.example.btrestful1.filter.RequestResponseLoggingFilter@4c731956
2019-07-17 23:14:45,126 INFO org.flywaydb.core.internal.license.VersionPrinter [main] Flyway Community Edition 5.2.4 by Boxfuse
2019-07-17 23:14:46,199 INFO org.flywaydb.core.internal.database.DatabaseFactory [main] Database: jdbc:mysql://localhost:3306/mysql (MySQL 8.0)
2019-07-17 23:14:46,318 WARN org.springframework.boot.web.servlet.context.AnnotationConfigServletWebServerApplicationContext [main] Exception encountered during context initialization - cancelling refresh attempt: org.springframework.beans.factory.BeanCreationException: Error creating bean with name 'flywayInitializer' defined in class path resource [org/springframework/boot/autoconfigure/flyway/FlywayAutoConfiguration$FlywayConfiguration.class]: Invocation of init method failed; nested exception is org.flywaydb.core.api.FlywayException: Validate failed: Detected failed migration to version 2 (testdata)
2019-07-17 23:14:46,322 INFO org.apache.catalina.core.StandardService [main] Stopping service [Tomcat]
2019-07-17 23:14:46,324 WARN com.example.btrestful1.filter.TransactionFilter [main] Destructing filter :com.example.btrestful1.filter.TransactionFilter@56826a75
2019-07-17 23:14:46,325 WARN com.example.btrestful1.filter.RequestResponseLoggingFilter [main] Destructing filter :com.example.btrestful1.filter.RequestResponseLoggingFilter@4c731956
2019-07-17 23:14:46,341 INFO org.springframework.boot.autoconfigure.logging.ConditionEvaluationReportLoggingListener [main] 

Error starting ApplicationContext. To display the conditions report re-run your application with 'debug' enabled.
2019-07-17 23:14:46,354 ERROR org.springframework.boot.SpringApplication [main] Application run failed
org.springframework.beans.factory.BeanCreationException: Error creating bean with name 'flywayInitializer' defined in class path resource [org/springframework/boot/autoconfigure/flyway/FlywayAutoConfiguration$FlywayConfiguration.class]: Invocation of init method failed; nested exception is org.flywaydb.core.api.FlywayException: Validate failed: Detected failed migration to version 2 (testdata)
	at org.springframework.beans.factory.support.AbstractAutowireCapableBeanFactory.initializeBean(AbstractAutowireCapableBeanFactory.java:1778)
	at org.springframework.beans.factory.support.AbstractAutowireCapableBeanFactory.doCreateBean(AbstractAutowireCapableBeanFactory.java:593)
	at org.springframework.beans.factory.support.AbstractAutowireCapableBeanFactory.createBean(AbstractAutowireCapableBeanFactory.java:515)
	at org.springframework.beans.factory.support.AbstractBeanFactory.lambda$doGetBean$0(AbstractBeanFactory.java:320)
	at org.springframework.beans.factory.support.DefaultSingletonBeanRegistry.getSingleton(DefaultSingletonBeanRegistry.java:222)
	at org.springframework.beans.factory.support.AbstractBeanFactory.doGetBean(AbstractBeanFactory.java:318)
	at org.springframework.beans.factory.support.AbstractBeanFactory.getBean(AbstractBeanFactory.java:199)
	at org.springframework.beans.factory.support.AbstractBeanFactory.doGetBean(AbstractBeanFactory.java:307)
	at org.springframework.beans.factory.support.AbstractBeanFactory.getBean(AbstractBeanFactory.java:199)
	at org.springframework.context.support.AbstractApplicationContext.getBean(AbstractApplicationContext.java:1105)
	at org.springframework.context.support.AbstractApplicationContext.finishBeanFactoryInitialization(AbstractApplicationContext.java:867)
	at org.springframework.context.support.AbstractApplicationContext.refresh(AbstractApplicationContext.java:549)
	at org.springframework.boot.web.servlet.context.ServletWebServerApplicationContext.refresh(ServletWebServerApplicationContext.java:140)
	at org.springframework.boot.SpringApplication.refresh(SpringApplication.java:742)
	at org.springframework.boot.SpringApplication.refreshContext(SpringApplication.java:389)
	at org.springframework.boot.SpringApplication.run(SpringApplication.java:311)
	at org.springframework.boot.SpringApplication.run(SpringApplication.java:1213)
	at org.springframework.boot.SpringApplication.run(SpringApplication.java:1202)
	at com.example.btrestful1.Btrestful1Application.main(Btrestful1Application.java:12)
Caused by: org.flywaydb.core.api.FlywayException: Validate failed: Detected failed migration to version 2 (testdata)
	at org.flywaydb.core.Flyway.doValidate(Flyway.java:1482)
	at org.flywaydb.core.Flyway.access$100(Flyway.java:85)
	at org.flywaydb.core.Flyway$1.execute(Flyway.java:1364)
	at org.flywaydb.core.Flyway$1.execute(Flyway.java:1356)
	at org.flywaydb.core.Flyway.execute(Flyway.java:1711)
	at org.flywaydb.core.Flyway.migrate(Flyway.java:1356)
	at org.springframework.boot.autoconfigure.flyway.FlywayMigrationInitializer.afterPropertiesSet(FlywayMigrationInitializer.java:65)
	at org.springframework.beans.factory.support.AbstractAutowireCapableBeanFactory.invokeInitMethods(AbstractAutowireCapableBeanFactory.java:1837)
	at org.springframework.beans.factory.support.AbstractAutowireCapableBeanFactory.initializeBean(AbstractAutowireCapableBeanFactory.java:1774)
	... 18 common frames omitted
