2019-07-15 17:30:01,166 INFO org.springframework.data.repository.config.RepositoryConfigurationDelegate [main] Bootstrapping Spring Data repositories in DEFAULT mode.
2019-07-15 17:30:01,365 INFO org.springframework.data.repository.config.RepositoryConfigurationDelegate [main] Finished Spring Data repository scanning in 176ms. Found 3 repository interfaces.
2019-07-15 17:30:02,015 INFO org.springframework.context.support.PostProcessorRegistrationDelegate$BeanPostProcessorChecker [main] Bean 'org.springframework.transaction.annotation.ProxyTransactionManagementConfiguration' of type [org.springframework.transaction.annotation.ProxyTransactionManagementConfiguration$$EnhancerBySpringCGLIB$$fc9ce412] is not eligible for getting processed by all BeanPostProcessors (for example: not eligible for auto-proxying)
2019-07-15 17:30:02,078 INFO org.springframework.context.support.PostProcessorRegistrationDelegate$BeanPostProcessorChecker [main] Bean 'org.springframework.security.config.annotation.configuration.ObjectPostProcessorConfiguration' of type [org.springframework.security.config.annotation.configuration.ObjectPostProcessorConfiguration$$EnhancerBySpringCGLIB$$954aac4c] is not eligible for getting processed by all BeanPostProcessors (for example: not eligible for auto-proxying)
2019-07-15 17:30:02,086 INFO org.springframework.context.support.PostProcessorRegistrationDelegate$BeanPostProcessorChecker [main] Bean 'objectPostProcessor' of type [org.springframework.security.config.annotation.configuration.AutowireBeanFactoryObjectPostProcessor] is not eligible for getting processed by all BeanPostProcessors (for example: not eligible for auto-proxying)
2019-07-15 17:30:02,089 INFO org.springframework.context.support.PostProcessorRegistrationDelegate$BeanPostProcessorChecker [main] Bean 'org.springframework.security.access.expression.method.DefaultMethodSecurityExpressionHandler@2b0e9f30' of type [org.springframework.security.access.expression.method.DefaultMethodSecurityExpressionHandler] is not eligible for getting processed by all BeanPostProcessors (for example: not eligible for auto-proxying)
2019-07-15 17:30:02,094 INFO org.springframework.context.support.PostProcessorRegistrationDelegate$BeanPostProcessorChecker [main] Bean 'methodSecurityConfig' of type [com.example.btrestful1.configuration.MethodSecurityConfig$$EnhancerBySpringCGLIB$$315262f5] is not eligible for getting processed by all BeanPostProcessors (for example: not eligible for auto-proxying)
2019-07-15 17:30:02,101 INFO org.springframework.context.support.PostProcessorRegistrationDelegate$BeanPostProcessorChecker [main] Bean 'methodSecurityMetadataSource' of type [org.springframework.security.access.method.DelegatingMethodSecurityMetadataSource] is not eligible for getting processed by all BeanPostProcessors (for example: not eligible for auto-proxying)
2019-07-15 17:30:02,722 INFO org.springframework.boot.web.embedded.tomcat.TomcatWebServer [main] Tomcat initialized with port(s): 8081 (http)
2019-07-15 17:30:02,794 INFO org.apache.catalina.core.StandardService [main] Starting service [Tomcat]
2019-07-15 17:30:02,794 INFO org.apache.catalina.core.StandardEngine [main] Starting Servlet engine: [Apache Tomcat/9.0.21]
2019-07-15 17:30:03,221 INFO org.apache.catalina.core.ContainerBase.[Tomcat].[localhost].[/] [main] Initializing Spring embedded WebApplicationContext
2019-07-15 17:30:03,223 INFO org.springframework.web.context.ContextLoader [main] Root WebApplicationContext: initialization completed in 3504 ms
2019-07-15 17:30:03,366 INFO org.springframework.boot.web.servlet.RegistrationBean [main] Filter requestResponseLoggingFilter was not registered (possibly already registered?)
2019-07-15 17:30:03,407 INFO com.example.btrestful1.filter.TransactionFilter [main] Initializing filter :com.example.btrestful1.filter.TransactionFilter@6dce59e
2019-07-15 17:30:03,409 INFO com.example.btrestful1.filter.RequestResponseLoggingFilter [main] Initializing filter :com.example.btrestful1.filter.RequestResponseLoggingFilter@11d86b9d
2019-07-15 17:30:03,816 INFO com.zaxxer.hikari.HikariDataSource [main] HikariPool-1 - Starting...
2019-07-15 17:30:03,820 WARN com.zaxxer.hikari.util.DriverDataSource [main] Registered driver with driverClassName=com.mysql.jdbc.Driver was not found, trying direct instantiation.
2019-07-15 17:30:04,509 INFO com.zaxxer.hikari.HikariDataSource [main] HikariPool-1 - Start completed.
2019-07-15 17:30:04,574 INFO org.hibernate.jpa.internal.util.LogHelper [main] HHH000204: Processing PersistenceUnitInfo [
	name: default
	...]
2019-07-15 17:30:04,674 INFO org.hibernate.Version [main] HHH000412: Hibernate Core {5.3.10.Final}
2019-07-15 17:30:04,676 INFO org.hibernate.cfg.Environment [main] HHH000206: hibernate.properties not found
2019-07-15 17:30:04,882 INFO org.hibernate.annotations.common.Version [main] HCANN000001: Hibernate Commons Annotations {5.0.4.Final}
2019-07-15 17:30:05,107 INFO org.hibernate.dialect.Dialect [main] HHH000400: Using dialect: org.hibernate.dialect.MySQL5Dialect
2019-07-15 17:30:06,390 INFO org.springframework.orm.jpa.LocalContainerEntityManagerFactoryBean [main] Initialized JPA EntityManagerFactory for persistence unit 'default'
2019-07-15 17:30:07,053 INFO org.hibernate.hql.internal.QueryTranslatorFactoryInitiator [main] HHH000397: Using ASTQueryTranslatorFactory
2019-07-15 17:30:07,809 WARN org.springframework.boot.autoconfigure.orm.jpa.JpaBaseConfiguration$JpaWebConfiguration$JpaWebMvcConfiguration [main] spring.jpa.open-in-view is enabled by default. Therefore, database queries may be performed during view rendering. Explicitly configure spring.jpa.open-in-view to disable this warning
2019-07-15 17:30:08,379 WARN org.springframework.security.oauth2.provider.token.store.JwtAccessTokenConverter [main] Unable to create an RSA verifier from verifierKey (ignoreable if using MAC)
2019-07-15 17:30:09,007 INFO springfox.documentation.spring.web.PropertySourcedRequestMappingHandlerMapping [main] Mapped URL path [/v2/api-docs] onto method [public org.springframework.http.ResponseEntity<springfox.documentation.spring.web.json.Json> springfox.documentation.swagger2.web.Swagger2Controller.getDocumentation(java.lang.String,javax.servlet.http.HttpServletRequest)]
2019-07-15 17:30:09,580 INFO org.springframework.security.web.DefaultSecurityFilterChain [main] Creating filter chain: any request, [org.springframework.security.web.context.request.async.WebAsyncManagerIntegrationFilter@24d7c365, org.springframework.security.web.context.SecurityContextPersistenceFilter@580c4c0b, org.springframework.security.web.header.HeaderWriterFilter@5d00e30e, org.springframework.security.web.authentication.logout.LogoutFilter@21f9a305, org.springframework.security.oauth2.provider.authentication.OAuth2AuthenticationProcessingFilter@83bbab, org.springframework.security.web.savedrequest.RequestCacheAwareFilter@5bc44d78, org.springframework.security.web.servletapi.SecurityContextHolderAwareRequestFilter@29088d3d, org.springframework.security.web.session.SessionManagementFilter@195888a6, org.springframework.security.web.access.ExceptionTranslationFilter@4b9dd787, org.springframework.security.web.access.intercept.FilterSecurityInterceptor@3cf1b5fb]
2019-07-15 17:30:09,606 INFO org.springframework.security.web.DefaultSecurityFilterChain [main] Creating filter chain: any request, [org.springframework.security.web.context.request.async.WebAsyncManagerIntegrationFilter@7151dd9d, org.springframework.security.web.context.SecurityContextPersistenceFilter@58a0f75b, org.springframework.security.web.header.HeaderWriterFilter@491f3fb0, org.springframework.security.web.csrf.CsrfFilter@134ec0f3, org.springframework.security.web.authentication.logout.LogoutFilter@3891db3a, org.springframework.security.web.authentication.UsernamePasswordAuthenticationFilter@76efa2b7, org.springframework.security.web.authentication.ui.DefaultLoginPageGeneratingFilter@41d8ac75, org.springframework.security.web.authentication.ui.DefaultLogoutPageGeneratingFilter@1f596988, org.springframework.security.web.authentication.www.BasicAuthenticationFilter@6fc3f1a7, org.springframework.security.web.savedrequest.RequestCacheAwareFilter@2b569858, org.springframework.security.web.servletapi.SecurityContextHolderAwareRequestFilter@1b84d03d, org.springframework.security.web.authentication.AnonymousAuthenticationFilter@6bf34912, org.springframework.security.web.session.SessionManagementFilter@3d0ce151, org.springframework.security.web.access.ExceptionTranslationFilter@258ac1e6, org.springframework.security.web.access.intercept.FilterSecurityInterceptor@240e61]
2019-07-15 17:30:09,707 INFO springfox.documentation.spring.web.plugins.DocumentationPluginsBootstrapper [main] Context refreshed
2019-07-15 17:30:09,738 INFO springfox.documentation.spring.web.plugins.DocumentationPluginsBootstrapper [main] Found 1 custom documentation plugin(s)
2019-07-15 17:30:09,828 INFO springfox.documentation.spring.web.scanners.ApiListingReferenceScanner [main] Scanning for api listing references
2019-07-15 17:30:10,339 INFO org.springframework.boot.web.embedded.tomcat.TomcatWebServer [main] Tomcat started on port(s): 8081 (http) with context path ''
2019-07-15 17:30:10,343 INFO com.example.btrestful1.Btrestful1Application [main] Started Btrestful1Application in 11.426 seconds (JVM running for 15.177)
2019-07-15 17:30:12,964 INFO org.apache.catalina.core.ContainerBase.[Tomcat].[localhost].[/] [http-nio-8081-exec-1] Initializing Spring DispatcherServlet 'dispatcherServlet'
2019-07-15 17:30:12,964 INFO org.springframework.web.servlet.DispatcherServlet [http-nio-8081-exec-1] Initializing Servlet 'dispatcherServlet'
2019-07-15 17:30:12,987 INFO org.springframework.web.servlet.DispatcherServlet [http-nio-8081-exec-1] Completed initialization in 22 ms
2019-07-15 17:30:13,775 INFO com.example.btrestful1.filter.TransactionFilter [http-nio-8081-exec-1] Starting a transaction for req : /accounts/45
2019-07-15 17:30:13,775 INFO com.example.btrestful1.filter.RequestResponseLoggingFilter [http-nio-8081-exec-1] Logging Request  DELETE : /accounts/45
2019-07-15 17:30:14,032 INFO com.example.btrestful1.filter.RequestResponseLoggingFilter [http-nio-8081-exec-1] Logging Response :application/json;charset=UTF-8
2019-07-15 17:30:14,032 INFO com.example.btrestful1.filter.TransactionFilter [http-nio-8081-exec-1] Commiting Transactipn for req:/accounts/45
2019-07-15 17:30:25,084 INFO com.example.btrestful1.filter.TransactionFilter [http-nio-8081-exec-3] Starting a transaction for req : /accounts/45
2019-07-15 17:30:25,084 INFO com.example.btrestful1.filter.RequestResponseLoggingFilter [http-nio-8081-exec-3] Logging Request  DELETE : /accounts/45
2019-07-15 17:30:25,381 INFO com.example.btrestful1.filter.RequestResponseLoggingFilter [http-nio-8081-exec-3] Logging Response :application/json;charset=UTF-8
2019-07-15 17:30:25,382 INFO com.example.btrestful1.filter.TransactionFilter [http-nio-8081-exec-3] Commiting Transactipn for req:/accounts/45
2019-07-15 17:30:58,318 INFO org.springframework.orm.jpa.LocalContainerEntityManagerFactoryBean [Thread-24] Closing JPA EntityManagerFactory for persistence unit 'default'
2019-07-15 17:30:58,323 INFO com.zaxxer.hikari.HikariDataSource [Thread-24] HikariPool-1 - Shutdown initiated...
2019-07-15 17:30:58,339 INFO com.zaxxer.hikari.HikariDataSource [Thread-24] HikariPool-1 - Shutdown completed.
2019-07-15 17:30:58,995 WARN com.example.btrestful1.filter.TransactionFilter [Thread-24] Destructing filter :com.example.btrestful1.filter.TransactionFilter@6dce59e
2019-07-15 17:30:58,995 WARN com.example.btrestful1.filter.RequestResponseLoggingFilter [Thread-24] Destructing filter :com.example.btrestful1.filter.RequestResponseLoggingFilter@11d86b9d
