2019-07-15 16:51:03,065 INFO com.example.btrestful1.Btrestful1Application [main] Starting Btrestful1Application on DESKTOP-HNLGD2K with PID 14392 (D:\intellj_project\btrestful1\target\classes started by Kim Dung in D:\intellj_project\btrestful1)
2019-07-15 16:51:03,077 DEBUG com.example.btrestful1.Btrestful1Application [main] Running with Spring Boot v2.1.6.RELEASE, Spring v5.1.8.RELEASE
2019-07-15 16:51:03,078 INFO com.example.btrestful1.Btrestful1Application [main] No active profile set, falling back to default profiles: default
2019-07-15 16:51:05,852 INFO org.springframework.data.repository.config.RepositoryConfigurationDelegate [main] Bootstrapping Spring Data repositories in DEFAULT mode.
2019-07-15 16:51:05,978 INFO org.springframework.data.repository.config.RepositoryConfigurationDelegate [main] Finished Spring Data repository scanning in 112ms. Found 3 repository interfaces.
2019-07-15 16:51:06,670 INFO org.springframework.context.support.PostProcessorRegistrationDelegate$BeanPostProcessorChecker [main] Bean 'org.springframework.transaction.annotation.ProxyTransactionManagementConfiguration' of type [org.springframework.transaction.annotation.ProxyTransactionManagementConfiguration$$EnhancerBySpringCGLIB$$1b4c083] is not eligible for getting processed by all BeanPostProcessors (for example: not eligible for auto-proxying)
2019-07-15 16:51:06,718 INFO org.springframework.context.support.PostProcessorRegistrationDelegate$BeanPostProcessorChecker [main] Bean 'org.springframework.security.config.annotation.configuration.ObjectPostProcessorConfiguration' of type [org.springframework.security.config.annotation.configuration.ObjectPostProcessorConfiguration$$EnhancerBySpringCGLIB$$9a6288bd] is not eligible for getting processed by all BeanPostProcessors (for example: not eligible for auto-proxying)
2019-07-15 16:51:06,725 INFO org.springframework.context.support.PostProcessorRegistrationDelegate$BeanPostProcessorChecker [main] Bean 'objectPostProcessor' of type [org.springframework.security.config.annotation.configuration.AutowireBeanFactoryObjectPostProcessor] is not eligible for getting processed by all BeanPostProcessors (for example: not eligible for auto-proxying)
2019-07-15 16:51:06,727 INFO org.springframework.context.support.PostProcessorRegistrationDelegate$BeanPostProcessorChecker [main] Bean 'org.springframework.security.access.expression.method.DefaultMethodSecurityExpressionHandler@43a51d00' of type [org.springframework.security.access.expression.method.DefaultMethodSecurityExpressionHandler] is not eligible for getting processed by all BeanPostProcessors (for example: not eligible for auto-proxying)
2019-07-15 16:51:06,729 INFO org.springframework.context.support.PostProcessorRegistrationDelegate$BeanPostProcessorChecker [main] Bean 'methodSecurityConfig' of type [com.example.btrestful1.configuration.MethodSecurityConfig$$EnhancerBySpringCGLIB$$366a3f66] is not eligible for getting processed by all BeanPostProcessors (for example: not eligible for auto-proxying)
2019-07-15 16:51:06,737 INFO org.springframework.context.support.PostProcessorRegistrationDelegate$BeanPostProcessorChecker [main] Bean 'methodSecurityMetadataSource' of type [org.springframework.security.access.method.DelegatingMethodSecurityMetadataSource] is not eligible for getting processed by all BeanPostProcessors (for example: not eligible for auto-proxying)
2019-07-15 16:51:07,073 INFO org.springframework.boot.web.embedded.tomcat.TomcatWebServer [main] Tomcat initialized with port(s): 8081 (http)
2019-07-15 16:51:07,099 INFO org.apache.catalina.core.StandardService [main] Starting service [Tomcat]
2019-07-15 16:51:07,100 INFO org.apache.catalina.core.StandardEngine [main] Starting Servlet engine: [Apache Tomcat/9.0.21]
2019-07-15 16:51:07,286 INFO org.apache.catalina.core.ContainerBase.[Tomcat].[localhost].[/] [main] Initializing Spring embedded WebApplicationContext
2019-07-15 16:51:07,287 INFO org.springframework.web.context.ContextLoader [main] Root WebApplicationContext: initialization completed in 4013 ms
2019-07-15 16:51:07,349 INFO org.springframework.boot.web.servlet.RegistrationBean [main] Filter requestResponseLoggingFilter was not registered (possibly already registered?)
2019-07-15 16:51:07,366 INFO com.example.btrestful1.filter.TransactionFilter [main] Initializing filter :com.example.btrestful1.filter.TransactionFilter@6917bb4
2019-07-15 16:51:07,368 INFO com.example.btrestful1.filter.RequestResponseLoggingFilter [main] Initializing filter :com.example.btrestful1.filter.RequestResponseLoggingFilter@14823f76
2019-07-15 16:51:07,539 INFO com.zaxxer.hikari.HikariDataSource [main] HikariPool-1 - Starting...
2019-07-15 16:51:07,540 WARN com.zaxxer.hikari.util.DriverDataSource [main] Registered driver with driverClassName=com.mysql.jdbc.Driver was not found, trying direct instantiation.
2019-07-15 16:51:07,815 INFO com.zaxxer.hikari.HikariDataSource [main] HikariPool-1 - Start completed.
2019-07-15 16:51:07,869 INFO org.hibernate.jpa.internal.util.LogHelper [main] HHH000204: Processing PersistenceUnitInfo [
	name: default
	...]
2019-07-15 16:51:07,947 INFO org.hibernate.Version [main] HHH000412: Hibernate Core {5.3.10.Final}
2019-07-15 16:51:07,950 INFO org.hibernate.cfg.Environment [main] HHH000206: hibernate.properties not found
2019-07-15 16:51:08,091 INFO org.hibernate.annotations.common.Version [main] HCANN000001: Hibernate Commons Annotations {5.0.4.Final}
2019-07-15 16:51:08,238 INFO org.hibernate.dialect.Dialect [main] HHH000400: Using dialect: org.hibernate.dialect.MySQL5Dialect
2019-07-15 16:51:09,206 INFO org.springframework.orm.jpa.LocalContainerEntityManagerFactoryBean [main] Initialized JPA EntityManagerFactory for persistence unit 'default'
2019-07-15 16:51:09,721 INFO org.hibernate.hql.internal.QueryTranslatorFactoryInitiator [main] HHH000397: Using ASTQueryTranslatorFactory
2019-07-15 16:51:10,197 WARN org.springframework.boot.autoconfigure.orm.jpa.JpaBaseConfiguration$JpaWebConfiguration$JpaWebMvcConfiguration [main] spring.jpa.open-in-view is enabled by default. Therefore, database queries may be performed during view rendering. Explicitly configure spring.jpa.open-in-view to disable this warning
2019-07-15 16:51:10,576 WARN org.springframework.security.oauth2.provider.token.store.JwtAccessTokenConverter [main] Unable to create an RSA verifier from verifierKey (ignoreable if using MAC)
2019-07-15 16:51:10,738 INFO springfox.documentation.spring.web.PropertySourcedRequestMappingHandlerMapping [main] Mapped URL path [/v2/api-docs] onto method [public org.springframework.http.ResponseEntity<springfox.documentation.spring.web.json.Json> springfox.documentation.swagger2.web.Swagger2Controller.getDocumentation(java.lang.String,javax.servlet.http.HttpServletRequest)]
2019-07-15 16:51:11,417 INFO org.springframework.security.web.DefaultSecurityFilterChain [main] Creating filter chain: any request, [org.springframework.security.web.context.request.async.WebAsyncManagerIntegrationFilter@183ef89a, org.springframework.security.web.context.SecurityContextPersistenceFilter@1124dd79, org.springframework.security.web.header.HeaderWriterFilter@4b22214d, org.springframework.security.web.authentication.logout.LogoutFilter@2cff03cf, org.springframework.security.oauth2.provider.authentication.OAuth2AuthenticationProcessingFilter@424a152f, org.springframework.security.web.savedrequest.RequestCacheAwareFilter@1ea96ff2, org.springframework.security.web.servletapi.SecurityContextHolderAwareRequestFilter@537451d5, org.springframework.security.web.session.SessionManagementFilter@6dde1bf5, org.springframework.security.web.access.ExceptionTranslationFilter@3a63d248, org.springframework.security.web.access.intercept.FilterSecurityInterceptor@96be1ae]
2019-07-15 16:51:11,438 INFO org.springframework.security.web.DefaultSecurityFilterChain [main] Creating filter chain: any request, [org.springframework.security.web.context.request.async.WebAsyncManagerIntegrationFilter@737ff5c4, org.springframework.security.web.context.SecurityContextPersistenceFilter@2aa811f9, org.springframework.security.web.header.HeaderWriterFilter@48da64f2, org.springframework.security.web.csrf.CsrfFilter@6b64bf61, org.springframework.security.web.authentication.logout.LogoutFilter@601d9f3a, org.springframework.security.web.authentication.UsernamePasswordAuthenticationFilter@24ac6fef, org.springframework.security.web.authentication.ui.DefaultLoginPageGeneratingFilter@2133b712, org.springframework.security.web.authentication.ui.DefaultLogoutPageGeneratingFilter@7e9a836, org.springframework.security.web.authentication.www.BasicAuthenticationFilter@5018b56b, org.springframework.security.web.savedrequest.RequestCacheAwareFilter@66abb2fa, org.springframework.security.web.servletapi.SecurityContextHolderAwareRequestFilter@7d4da729, org.springframework.security.web.authentication.AnonymousAuthenticationFilter@124ff64d, org.springframework.security.web.session.SessionManagementFilter@60b553f, org.springframework.security.web.access.ExceptionTranslationFilter@7846913f, org.springframework.security.web.access.intercept.FilterSecurityInterceptor@1791e231]
2019-07-15 16:51:11,517 INFO springfox.documentation.spring.web.plugins.DocumentationPluginsBootstrapper [main] Context refreshed
2019-07-15 16:51:11,536 INFO springfox.documentation.spring.web.plugins.DocumentationPluginsBootstrapper [main] Found 1 custom documentation plugin(s)
2019-07-15 16:51:11,587 INFO springfox.documentation.spring.web.scanners.ApiListingReferenceScanner [main] Scanning for api listing references
2019-07-15 16:51:11,944 INFO org.springframework.boot.web.embedded.tomcat.TomcatWebServer [main] Tomcat started on port(s): 8081 (http) with context path ''
2019-07-15 16:51:11,947 INFO com.example.btrestful1.Btrestful1Application [main] Started Btrestful1Application in 9.741 seconds (JVM running for 11.628)
