2019-07-11 08:39:00,102 INFO com.example.btrestful1.filter.TransactionFilter [main] Initializing filter :com.example.btrestful1.filter.TransactionFilter@71d9cb05
2019-07-11 08:39:00,110 INFO com.example.btrestful1.filter.RequestResponseLoggingFilter [main] Initializing filter :com.example.btrestful1.filter.RequestResponseLoggingFilter@67efd2c2
2019-07-11 08:39:06,273 INFO com.example.btrestful1.Btrestful1Application [main] Started Btrestful1Application in 10.776 seconds (JVM running for 12.675)
2019-07-11 08:39:19,129 INFO com.example.btrestful1.Btrestful1Application [main] Starting Btrestful1Application on DESKTOP-HNLGD2K with PID 12160 (D:\intellj_project\btrestful1\target\classes started by Kim Dung in D:\intellj_project\btrestful1)
2019-07-11 08:39:19,133 DEBUG com.example.btrestful1.Btrestful1Application [main] Running with Spring Boot v2.1.6.RELEASE, Spring v5.1.8.RELEASE
2019-07-11 08:39:19,134 INFO com.example.btrestful1.Btrestful1Application [main] No active profile set, falling back to default profiles: default
2019-07-11 08:39:21,527 INFO org.springframework.data.repository.config.RepositoryConfigurationDelegate [main] Bootstrapping Spring Data repositories in DEFAULT mode.
2019-07-11 08:39:21,775 INFO org.springframework.data.repository.config.RepositoryConfigurationDelegate [main] Finished Spring Data repository scanning in 217ms. Found 3 repository interfaces.
2019-07-11 08:39:22,338 INFO org.springframework.context.support.PostProcessorRegistrationDelegate$BeanPostProcessorChecker [main] Bean 'org.springframework.transaction.annotation.ProxyTransactionManagementConfiguration' of type [org.springframework.transaction.annotation.ProxyTransactionManagementConfiguration$$EnhancerBySpringCGLIB$$7dad7dbe] is not eligible for getting processed by all BeanPostProcessors (for example: not eligible for auto-proxying)
2019-07-11 08:39:22,380 INFO org.springframework.context.support.PostProcessorRegistrationDelegate$BeanPostProcessorChecker [main] Bean 'org.springframework.security.config.annotation.configuration.ObjectPostProcessorConfiguration' of type [org.springframework.security.config.annotation.configuration.ObjectPostProcessorConfiguration$$EnhancerBySpringCGLIB$$165b45f8] is not eligible for getting processed by all BeanPostProcessors (for example: not eligible for auto-proxying)
2019-07-11 08:39:22,387 INFO org.springframework.context.support.PostProcessorRegistrationDelegate$BeanPostProcessorChecker [main] Bean 'objectPostProcessor' of type [org.springframework.security.config.annotation.configuration.AutowireBeanFactoryObjectPostProcessor] is not eligible for getting processed by all BeanPostProcessors (for example: not eligible for auto-proxying)
2019-07-11 08:39:22,391 INFO org.springframework.context.support.PostProcessorRegistrationDelegate$BeanPostProcessorChecker [main] Bean 'org.springframework.security.access.expression.method.DefaultMethodSecurityExpressionHandler@50a691d3' of type [org.springframework.security.access.expression.method.DefaultMethodSecurityExpressionHandler] is not eligible for getting processed by all BeanPostProcessors (for example: not eligible for auto-proxying)
2019-07-11 08:39:22,396 INFO org.springframework.context.support.PostProcessorRegistrationDelegate$BeanPostProcessorChecker [main] Bean 'methodSecurityConfig' of type [com.example.btrestful1.configuration.MethodSecurityConfig$$EnhancerBySpringCGLIB$$b262fca1] is not eligible for getting processed by all BeanPostProcessors (for example: not eligible for auto-proxying)
2019-07-11 08:39:22,402 INFO org.springframework.context.support.PostProcessorRegistrationDelegate$BeanPostProcessorChecker [main] Bean 'methodSecurityMetadataSource' of type [org.springframework.security.access.method.DelegatingMethodSecurityMetadataSource] is not eligible for getting processed by all BeanPostProcessors (for example: not eligible for auto-proxying)
2019-07-11 08:39:22,750 INFO org.springframework.boot.web.embedded.tomcat.TomcatWebServer [main] Tomcat initialized with port(s): 8081 (http)
2019-07-11 08:39:22,781 INFO org.apache.coyote.http11.Http11NioProtocol [main] Initializing ProtocolHandler ["http-nio-8081"]
2019-07-11 08:39:22,793 INFO org.apache.catalina.core.StandardService [main] Starting service [Tomcat]
2019-07-11 08:39:22,794 INFO org.apache.catalina.core.StandardEngine [main] Starting Servlet engine: [Apache Tomcat/9.0.21]
2019-07-11 08:39:22,989 INFO org.apache.catalina.core.ContainerBase.[Tomcat].[localhost].[/] [main] Initializing Spring embedded WebApplicationContext
2019-07-11 08:39:22,990 INFO org.springframework.web.context.ContextLoader [main] Root WebApplicationContext: initialization completed in 3739 ms
2019-07-11 08:39:23,053 INFO org.springframework.boot.web.servlet.RegistrationBean [main] Filter requestResponseLoggingFilter was not registered (possibly already registered?)
2019-07-11 08:39:23,072 INFO com.example.btrestful1.filter.TransactionFilter [main] Initializing filter :com.example.btrestful1.filter.TransactionFilter@35eb4a3b
2019-07-11 08:39:23,074 INFO com.example.btrestful1.filter.RequestResponseLoggingFilter [main] Initializing filter :com.example.btrestful1.filter.RequestResponseLoggingFilter@69391e08
2019-07-11 08:39:23,228 INFO com.zaxxer.hikari.HikariDataSource [main] HikariPool-1 - Starting...
2019-07-11 08:39:23,229 WARN com.zaxxer.hikari.util.DriverDataSource [main] Registered driver with driverClassName=com.mysql.jdbc.Driver was not found, trying direct instantiation.
2019-07-11 08:39:23,527 INFO com.zaxxer.hikari.HikariDataSource [main] HikariPool-1 - Start completed.
2019-07-11 08:39:23,581 INFO org.hibernate.jpa.internal.util.LogHelper [main] HHH000204: Processing PersistenceUnitInfo [
	name: default
	...]
2019-07-11 08:39:23,654 INFO org.hibernate.Version [main] HHH000412: Hibernate Core {5.3.10.Final}
2019-07-11 08:39:23,657 INFO org.hibernate.cfg.Environment [main] HHH000206: hibernate.properties not found
2019-07-11 08:39:23,816 INFO org.hibernate.annotations.common.Version [main] HCANN000001: Hibernate Commons Annotations {5.0.4.Final}
2019-07-11 08:39:23,991 INFO org.hibernate.dialect.Dialect [main] HHH000400: Using dialect: org.hibernate.dialect.MySQL5Dialect
2019-07-11 08:39:24,843 INFO org.springframework.orm.jpa.LocalContainerEntityManagerFactoryBean [main] Initialized JPA EntityManagerFactory for persistence unit 'default'
2019-07-11 08:39:25,361 INFO org.hibernate.hql.internal.QueryTranslatorFactoryInitiator [main] HHH000397: Using ASTQueryTranslatorFactory
2019-07-11 08:39:25,889 WARN org.springframework.boot.autoconfigure.orm.jpa.JpaBaseConfiguration$JpaWebConfiguration$JpaWebMvcConfiguration [main] spring.jpa.open-in-view is enabled by default. Therefore, database queries may be performed during view rendering. Explicitly configure spring.jpa.open-in-view to disable this warning
2019-07-11 08:39:26,304 WARN org.springframework.security.oauth2.provider.token.store.JwtAccessTokenConverter [main] Unable to create an RSA verifier from verifierKey (ignoreable if using MAC)
2019-07-11 08:39:26,462 INFO springfox.documentation.spring.web.PropertySourcedRequestMappingHandlerMapping [main] Mapped URL path [/v2/api-docs] onto method [public org.springframework.http.ResponseEntity<springfox.documentation.spring.web.json.Json> springfox.documentation.swagger2.web.Swagger2Controller.getDocumentation(java.lang.String,javax.servlet.http.HttpServletRequest)]
2019-07-11 08:39:27,238 INFO org.springframework.security.web.DefaultSecurityFilterChain [main] Creating filter chain: any request, [org.springframework.security.web.context.request.async.WebAsyncManagerIntegrationFilter@4a5b38e6, org.springframework.security.web.context.SecurityContextPersistenceFilter@11e24688, org.springframework.security.web.header.HeaderWriterFilter@72ceafeb, org.springframework.security.web.authentication.logout.LogoutFilter@25ea068e, org.springframework.security.oauth2.provider.authentication.OAuth2AuthenticationProcessingFilter@2e0163cb, org.springframework.security.web.savedrequest.RequestCacheAwareFilter@3a1a0bc, org.springframework.security.web.servletapi.SecurityContextHolderAwareRequestFilter@63f3366a, org.springframework.security.web.session.SessionManagementFilter@28e91f6d, org.springframework.security.web.access.ExceptionTranslationFilter@3bcedb06, org.springframework.security.web.access.intercept.FilterSecurityInterceptor@6d7e2795]
2019-07-11 08:39:27,260 INFO org.springframework.security.web.DefaultSecurityFilterChain [main] Creating filter chain: any request, [org.springframework.security.web.context.request.async.WebAsyncManagerIntegrationFilter@46b21632, org.springframework.security.web.context.SecurityContextPersistenceFilter@76eadc5a, org.springframework.security.web.header.HeaderWriterFilter@2ce24a1a, org.springframework.security.web.csrf.CsrfFilter@74bfdd66, org.springframework.security.web.authentication.logout.LogoutFilter@1e7d3d87, org.springframework.security.web.authentication.UsernamePasswordAuthenticationFilter@4805069b, org.springframework.security.web.authentication.ui.DefaultLoginPageGeneratingFilter@615c4ea4, org.springframework.security.web.authentication.ui.DefaultLogoutPageGeneratingFilter@476c137b, org.springframework.security.web.authentication.www.BasicAuthenticationFilter@2842c098, org.springframework.security.web.savedrequest.RequestCacheAwareFilter@1e9d7366, org.springframework.security.web.servletapi.SecurityContextHolderAwareRequestFilter@20914835, org.springframework.security.web.authentication.AnonymousAuthenticationFilter@79144d0e, org.springframework.security.web.session.SessionManagementFilter@26bce60d, org.springframework.security.web.access.ExceptionTranslationFilter@26a9c6df, org.springframework.security.web.access.intercept.FilterSecurityInterceptor@68f69ca3]
2019-07-11 08:39:27,343 INFO springfox.documentation.spring.web.plugins.DocumentationPluginsBootstrapper [main] Context refreshed
2019-07-11 08:39:27,363 INFO springfox.documentation.spring.web.plugins.DocumentationPluginsBootstrapper [main] Found 1 custom documentation plugin(s)
2019-07-11 08:39:27,412 INFO springfox.documentation.spring.web.scanners.ApiListingReferenceScanner [main] Scanning for api listing references
2019-07-11 08:39:27,868 INFO org.apache.coyote.http11.Http11NioProtocol [main] Starting ProtocolHandler ["http-nio-8081"]
2019-07-11 08:39:27,904 INFO org.springframework.boot.web.embedded.tomcat.TomcatWebServer [main] Tomcat started on port(s): 8081 (http) with context path ''
2019-07-11 08:39:27,908 INFO com.example.btrestful1.Btrestful1Application [main] Started Btrestful1Application in 9.483 seconds (JVM running for 11.36)
