2019-07-12 14:48:26,050 INFO com.example.btrestful1.Btrestful1Application [main] Starting Btrestful1Application on DESKTOP-HNLGD2K with PID 11420 (D:\intellj_project\btrestful1\target\classes started by Kim Dung in D:\intellj_project\btrestful1)
2019-07-12 14:48:26,154 DEBUG com.example.btrestful1.Btrestful1Application [main] Running with Spring Boot v2.1.6.RELEASE, Spring v5.1.8.RELEASE
2019-07-12 14:48:26,159 INFO com.example.btrestful1.Btrestful1Application [main] No active profile set, falling back to default profiles: default
2019-07-12 14:48:27,826 INFO org.springframework.data.repository.config.RepositoryConfigurationDelegate [main] Bootstrapping Spring Data repositories in DEFAULT mode.
2019-07-12 14:48:27,929 INFO org.springframework.data.repository.config.RepositoryConfigurationDelegate [main] Finished Spring Data repository scanning in 94ms. Found 3 repository interfaces.
2019-07-12 14:48:28,377 INFO org.springframework.context.support.PostProcessorRegistrationDelegate$BeanPostProcessorChecker [main] Bean 'org.springframework.transaction.annotation.ProxyTransactionManagementConfiguration' of type [org.springframework.transaction.annotation.ProxyTransactionManagementConfiguration$$EnhancerBySpringCGLIB$$6cac5fdf] is not eligible for getting processed by all BeanPostProcessors (for example: not eligible for auto-proxying)
2019-07-12 14:48:28,429 INFO org.springframework.context.support.PostProcessorRegistrationDelegate$BeanPostProcessorChecker [main] Bean 'org.springframework.security.config.annotation.configuration.ObjectPostProcessorConfiguration' of type [org.springframework.security.config.annotation.configuration.ObjectPostProcessorConfiguration$$EnhancerBySpringCGLIB$$55a2819] is not eligible for getting processed by all BeanPostProcessors (for example: not eligible for auto-proxying)
2019-07-12 14:48:28,436 INFO org.springframework.context.support.PostProcessorRegistrationDelegate$BeanPostProcessorChecker [main] Bean 'objectPostProcessor' of type [org.springframework.security.config.annotation.configuration.AutowireBeanFactoryObjectPostProcessor] is not eligible for getting processed by all BeanPostProcessors (for example: not eligible for auto-proxying)
2019-07-12 14:48:28,439 INFO org.springframework.context.support.PostProcessorRegistrationDelegate$BeanPostProcessorChecker [main] Bean 'org.springframework.security.access.expression.method.DefaultMethodSecurityExpressionHandler@71cb3139' of type [org.springframework.security.access.expression.method.DefaultMethodSecurityExpressionHandler] is not eligible for getting processed by all BeanPostProcessors (for example: not eligible for auto-proxying)
2019-07-12 14:48:28,443 INFO org.springframework.context.support.PostProcessorRegistrationDelegate$BeanPostProcessorChecker [main] Bean 'methodSecurityConfig' of type [com.example.btrestful1.configuration.MethodSecurityConfig$$EnhancerBySpringCGLIB$$a161dec2] is not eligible for getting processed by all BeanPostProcessors (for example: not eligible for auto-proxying)
2019-07-12 14:48:28,450 INFO org.springframework.context.support.PostProcessorRegistrationDelegate$BeanPostProcessorChecker [main] Bean 'methodSecurityMetadataSource' of type [org.springframework.security.access.method.DelegatingMethodSecurityMetadataSource] is not eligible for getting processed by all BeanPostProcessors (for example: not eligible for auto-proxying)
2019-07-12 14:48:28,835 INFO org.springframework.boot.web.embedded.tomcat.TomcatWebServer [main] Tomcat initialized with port(s): 8081 (http)
2019-07-12 14:48:28,857 INFO org.apache.coyote.http11.Http11NioProtocol [main] Initializing ProtocolHandler ["http-nio-8081"]
2019-07-12 14:48:28,872 INFO org.apache.catalina.core.StandardService [main] Starting service [Tomcat]
2019-07-12 14:48:28,873 INFO org.apache.catalina.core.StandardEngine [main] Starting Servlet engine: [Apache Tomcat/9.0.21]
2019-07-12 14:48:29,093 INFO org.apache.catalina.core.ContainerBase.[Tomcat].[localhost].[/] [main] Initializing Spring embedded WebApplicationContext
2019-07-12 14:48:29,094 INFO org.springframework.web.context.ContextLoader [main] Root WebApplicationContext: initialization completed in 2832 ms
2019-07-12 14:48:29,147 INFO org.springframework.boot.web.servlet.RegistrationBean [main] Filter requestResponseLoggingFilter was not registered (possibly already registered?)
2019-07-12 14:48:29,161 INFO com.example.btrestful1.filter.TransactionFilter [main] Initializing filter :com.example.btrestful1.filter.TransactionFilter@16e7b402
2019-07-12 14:48:29,162 INFO com.example.btrestful1.filter.RequestResponseLoggingFilter [main] Initializing filter :com.example.btrestful1.filter.RequestResponseLoggingFilter@2e179f3e
2019-07-12 14:48:29,312 INFO com.zaxxer.hikari.HikariDataSource [main] HikariPool-1 - Starting...
2019-07-12 14:48:29,314 WARN com.zaxxer.hikari.util.DriverDataSource [main] Registered driver with driverClassName=com.mysql.jdbc.Driver was not found, trying direct instantiation.
2019-07-12 14:48:29,596 INFO com.zaxxer.hikari.HikariDataSource [main] HikariPool-1 - Start completed.
2019-07-12 14:48:29,647 INFO org.hibernate.jpa.internal.util.LogHelper [main] HHH000204: Processing PersistenceUnitInfo [
	name: default
	...]
2019-07-12 14:48:29,717 INFO org.hibernate.Version [main] HHH000412: Hibernate Core {5.3.10.Final}
2019-07-12 14:48:29,719 INFO org.hibernate.cfg.Environment [main] HHH000206: hibernate.properties not found
2019-07-12 14:48:29,864 INFO org.hibernate.annotations.common.Version [main] HCANN000001: Hibernate Commons Annotations {5.0.4.Final}
2019-07-12 14:48:30,019 INFO org.hibernate.dialect.Dialect [main] HHH000400: Using dialect: org.hibernate.dialect.MySQL5Dialect
2019-07-12 14:48:31,256 INFO org.springframework.orm.jpa.LocalContainerEntityManagerFactoryBean [main] Initialized JPA EntityManagerFactory for persistence unit 'default'
2019-07-12 14:48:31,755 INFO org.hibernate.hql.internal.QueryTranslatorFactoryInitiator [main] HHH000397: Using ASTQueryTranslatorFactory
2019-07-12 14:48:32,300 WARN org.springframework.boot.autoconfigure.orm.jpa.JpaBaseConfiguration$JpaWebConfiguration$JpaWebMvcConfiguration [main] spring.jpa.open-in-view is enabled by default. Therefore, database queries may be performed during view rendering. Explicitly configure spring.jpa.open-in-view to disable this warning
2019-07-12 14:48:32,663 WARN org.springframework.security.oauth2.provider.token.store.JwtAccessTokenConverter [main] Unable to create an RSA verifier from verifierKey (ignoreable if using MAC)
2019-07-12 14:48:32,824 INFO springfox.documentation.spring.web.PropertySourcedRequestMappingHandlerMapping [main] Mapped URL path [/v2/api-docs] onto method [public org.springframework.http.ResponseEntity<springfox.documentation.spring.web.json.Json> springfox.documentation.swagger2.web.Swagger2Controller.getDocumentation(java.lang.String,javax.servlet.http.HttpServletRequest)]
2019-07-12 14:48:33,523 INFO org.springframework.security.web.DefaultSecurityFilterChain [main] Creating filter chain: any request, [org.springframework.security.web.context.request.async.WebAsyncManagerIntegrationFilter@45790cb, org.springframework.security.web.context.SecurityContextPersistenceFilter@12723c5d, org.springframework.security.web.header.HeaderWriterFilter@e7d0db2, org.springframework.security.web.authentication.logout.LogoutFilter@23f8036d, org.springframework.security.oauth2.provider.authentication.OAuth2AuthenticationProcessingFilter@21e39b82, org.springframework.security.web.savedrequest.RequestCacheAwareFilter@775edae0, org.springframework.security.web.servletapi.SecurityContextHolderAwareRequestFilter@26bce60d, org.springframework.security.web.session.SessionManagementFilter@6b4fd7d, org.springframework.security.web.access.ExceptionTranslationFilter@77476fcf, org.springframework.security.web.access.intercept.FilterSecurityInterceptor@3291d9c2]
2019-07-12 14:48:33,543 INFO org.springframework.security.web.DefaultSecurityFilterChain [main] Creating filter chain: any request, [org.springframework.security.web.context.request.async.WebAsyncManagerIntegrationFilter@49d979c4, org.springframework.security.web.context.SecurityContextPersistenceFilter@5602e540, org.springframework.security.web.header.HeaderWriterFilter@1468e880, org.springframework.security.web.csrf.CsrfFilter@76b642aa, org.springframework.security.web.authentication.logout.LogoutFilter@4f7ae05, org.springframework.security.web.authentication.UsernamePasswordAuthenticationFilter@173cfb01, org.springframework.security.web.authentication.ui.DefaultLoginPageGeneratingFilter@687e561b, org.springframework.security.web.authentication.ui.DefaultLogoutPageGeneratingFilter@3cb173db, org.springframework.security.web.authentication.www.BasicAuthenticationFilter@52290e63, org.springframework.security.web.savedrequest.RequestCacheAwareFilter@11f9b95a, org.springframework.security.web.servletapi.SecurityContextHolderAwareRequestFilter@42066f0d, org.springframework.security.web.authentication.AnonymousAuthenticationFilter@26712838, org.springframework.security.web.session.SessionManagementFilter@508f4bb5, org.springframework.security.web.access.ExceptionTranslationFilter@286dfa20, org.springframework.security.web.access.intercept.FilterSecurityInterceptor@29c80149]
2019-07-12 14:48:33,615 INFO springfox.documentation.spring.web.plugins.DocumentationPluginsBootstrapper [main] Context refreshed
2019-07-12 14:48:33,634 INFO springfox.documentation.spring.web.plugins.DocumentationPluginsBootstrapper [main] Found 1 custom documentation plugin(s)
2019-07-12 14:48:33,683 INFO springfox.documentation.spring.web.scanners.ApiListingReferenceScanner [main] Scanning for api listing references
2019-07-12 14:48:34,015 INFO org.apache.coyote.http11.Http11NioProtocol [main] Starting ProtocolHandler ["http-nio-8081"]
2019-07-12 14:48:34,040 INFO org.springframework.boot.web.embedded.tomcat.TomcatWebServer [main] Tomcat started on port(s): 8081 (http) with context path ''
2019-07-12 14:48:34,043 INFO com.example.btrestful1.Btrestful1Application [main] Started Btrestful1Application in 8.956 seconds (JVM running for 14.809)
