2019-07-15 17:06:07,831 INFO com.example.btrestful1.Btrestful1Application [main] Starting Btrestful1Application on DESKTOP-HNLGD2K with PID 16072 (D:\intellj_project\btrestful1\target\classes started by Kim Dung in D:\intellj_project\btrestful1)
2019-07-15 17:06:07,871 DEBUG com.example.btrestful1.Btrestful1Application [main] Running with Spring Boot v2.1.6.RELEASE, Spring v5.1.8.RELEASE
2019-07-15 17:06:07,872 INFO com.example.btrestful1.Btrestful1Application [main] No active profile set, falling back to default profiles: default
2019-07-15 17:06:10,201 INFO org.springframework.data.repository.config.RepositoryConfigurationDelegate [main] Bootstrapping Spring Data repositories in DEFAULT mode.
2019-07-15 17:06:10,315 INFO org.springframework.data.repository.config.RepositoryConfigurationDelegate [main] Finished Spring Data repository scanning in 103ms. Found 3 repository interfaces.
2019-07-15 17:06:10,812 INFO org.springframework.context.support.PostProcessorRegistrationDelegate$BeanPostProcessorChecker [main] Bean 'org.springframework.transaction.annotation.ProxyTransactionManagementConfiguration' of type [org.springframework.transaction.annotation.ProxyTransactionManagementConfiguration$$EnhancerBySpringCGLIB$$b9ccdba8] is not eligible for getting processed by all BeanPostProcessors (for example: not eligible for auto-proxying)
2019-07-15 17:06:10,858 INFO org.springframework.context.support.PostProcessorRegistrationDelegate$BeanPostProcessorChecker [main] Bean 'org.springframework.security.config.annotation.configuration.ObjectPostProcessorConfiguration' of type [org.springframework.security.config.annotation.configuration.ObjectPostProcessorConfiguration$$EnhancerBySpringCGLIB$$527aa3e2] is not eligible for getting processed by all BeanPostProcessors (for example: not eligible for auto-proxying)
2019-07-15 17:06:10,866 INFO org.springframework.context.support.PostProcessorRegistrationDelegate$BeanPostProcessorChecker [main] Bean 'objectPostProcessor' of type [org.springframework.security.config.annotation.configuration.AutowireBeanFactoryObjectPostProcessor] is not eligible for getting processed by all BeanPostProcessors (for example: not eligible for auto-proxying)
2019-07-15 17:06:10,869 INFO org.springframework.context.support.PostProcessorRegistrationDelegate$BeanPostProcessorChecker [main] Bean 'org.springframework.security.access.expression.method.DefaultMethodSecurityExpressionHandler@373f7450' of type [org.springframework.security.access.expression.method.DefaultMethodSecurityExpressionHandler] is not eligible for getting processed by all BeanPostProcessors (for example: not eligible for auto-proxying)
2019-07-15 17:06:10,875 INFO org.springframework.context.support.PostProcessorRegistrationDelegate$BeanPostProcessorChecker [main] Bean 'methodSecurityConfig' of type [com.example.btrestful1.configuration.MethodSecurityConfig$$EnhancerBySpringCGLIB$$ee825a8b] is not eligible for getting processed by all BeanPostProcessors (for example: not eligible for auto-proxying)
2019-07-15 17:06:10,883 INFO org.springframework.context.support.PostProcessorRegistrationDelegate$BeanPostProcessorChecker [main] Bean 'methodSecurityMetadataSource' of type [org.springframework.security.access.method.DelegatingMethodSecurityMetadataSource] is not eligible for getting processed by all BeanPostProcessors (for example: not eligible for auto-proxying)
2019-07-15 17:06:11,264 INFO org.springframework.boot.web.embedded.tomcat.TomcatWebServer [main] Tomcat initialized with port(s): 8081 (http)
2019-07-15 17:06:11,290 INFO org.apache.catalina.core.StandardService [main] Starting service [Tomcat]
2019-07-15 17:06:11,291 INFO org.apache.catalina.core.StandardEngine [main] Starting Servlet engine: [Apache Tomcat/9.0.21]
2019-07-15 17:06:11,487 INFO org.apache.catalina.core.ContainerBase.[Tomcat].[localhost].[/] [main] Initializing Spring embedded WebApplicationContext
2019-07-15 17:06:11,487 INFO org.springframework.web.context.ContextLoader [main] Root WebApplicationContext: initialization completed in 3504 ms
2019-07-15 17:06:11,546 INFO org.springframework.boot.web.servlet.RegistrationBean [main] Filter requestResponseLoggingFilter was not registered (possibly already registered?)
2019-07-15 17:06:11,561 INFO com.example.btrestful1.filter.TransactionFilter [main] Initializing filter :com.example.btrestful1.filter.TransactionFilter@1bc49bc5
2019-07-15 17:06:11,562 INFO com.example.btrestful1.filter.RequestResponseLoggingFilter [main] Initializing filter :com.example.btrestful1.filter.RequestResponseLoggingFilter@7a04fea7
2019-07-15 17:06:11,743 INFO com.zaxxer.hikari.HikariDataSource [main] HikariPool-1 - Starting...
2019-07-15 17:06:11,745 WARN com.zaxxer.hikari.util.DriverDataSource [main] Registered driver with driverClassName=com.mysql.jdbc.Driver was not found, trying direct instantiation.
2019-07-15 17:06:12,064 INFO com.zaxxer.hikari.HikariDataSource [main] HikariPool-1 - Start completed.
2019-07-15 17:06:12,120 INFO org.hibernate.jpa.internal.util.LogHelper [main] HHH000204: Processing PersistenceUnitInfo [
	name: default
	...]
2019-07-15 17:06:12,200 INFO org.hibernate.Version [main] HHH000412: Hibernate Core {5.3.10.Final}
2019-07-15 17:06:12,202 INFO org.hibernate.cfg.Environment [main] HHH000206: hibernate.properties not found
2019-07-15 17:06:12,346 INFO org.hibernate.annotations.common.Version [main] HCANN000001: Hibernate Commons Annotations {5.0.4.Final}
2019-07-15 17:06:12,500 INFO org.hibernate.dialect.Dialect [main] HHH000400: Using dialect: org.hibernate.dialect.MySQL5Dialect
2019-07-15 17:06:13,423 INFO org.springframework.orm.jpa.LocalContainerEntityManagerFactoryBean [main] Initialized JPA EntityManagerFactory for persistence unit 'default'
2019-07-15 17:06:13,927 INFO org.hibernate.hql.internal.QueryTranslatorFactoryInitiator [main] HHH000397: Using ASTQueryTranslatorFactory
2019-07-15 17:06:14,401 WARN org.springframework.boot.autoconfigure.orm.jpa.JpaBaseConfiguration$JpaWebConfiguration$JpaWebMvcConfiguration [main] spring.jpa.open-in-view is enabled by default. Therefore, database queries may be performed during view rendering. Explicitly configure spring.jpa.open-in-view to disable this warning
2019-07-15 17:06:14,773 WARN org.springframework.security.oauth2.provider.token.store.JwtAccessTokenConverter [main] Unable to create an RSA verifier from verifierKey (ignoreable if using MAC)
2019-07-15 17:06:14,933 INFO springfox.documentation.spring.web.PropertySourcedRequestMappingHandlerMapping [main] Mapped URL path [/v2/api-docs] onto method [public org.springframework.http.ResponseEntity<springfox.documentation.spring.web.json.Json> springfox.documentation.swagger2.web.Swagger2Controller.getDocumentation(java.lang.String,javax.servlet.http.HttpServletRequest)]
2019-07-15 17:06:15,615 INFO org.springframework.security.web.DefaultSecurityFilterChain [main] Creating filter chain: any request, [org.springframework.security.web.context.request.async.WebAsyncManagerIntegrationFilter@4e3ee457, org.springframework.security.web.context.SecurityContextPersistenceFilter@e171f93, org.springframework.security.web.header.HeaderWriterFilter@785d6a98, org.springframework.security.web.authentication.logout.LogoutFilter@6f428e6e, org.springframework.security.oauth2.provider.authentication.OAuth2AuthenticationProcessingFilter@12270a01, org.springframework.security.web.savedrequest.RequestCacheAwareFilter@5d7ff311, org.springframework.security.web.servletapi.SecurityContextHolderAwareRequestFilter@534fc1f7, org.springframework.security.web.session.SessionManagementFilter@6c06b1bc, org.springframework.security.web.access.ExceptionTranslationFilter@12e3f4ae, org.springframework.security.web.access.intercept.FilterSecurityInterceptor@4bca8eaf]
2019-07-15 17:06:15,638 INFO org.springframework.security.web.DefaultSecurityFilterChain [main] Creating filter chain: any request, [org.springframework.security.web.context.request.async.WebAsyncManagerIntegrationFilter@3a69014e, org.springframework.security.web.context.SecurityContextPersistenceFilter@3cb49121, org.springframework.security.web.header.HeaderWriterFilter@5e360c3b, org.springframework.security.web.csrf.CsrfFilter@5ca4c88a, org.springframework.security.web.authentication.logout.LogoutFilter@3155f190, org.springframework.security.web.authentication.UsernamePasswordAuthenticationFilter@7e9a836, org.springframework.security.web.authentication.ui.DefaultLoginPageGeneratingFilter@b56d8a7, org.springframework.security.web.authentication.ui.DefaultLogoutPageGeneratingFilter@27746c5e, org.springframework.security.web.authentication.www.BasicAuthenticationFilter@5e05a706, org.springframework.security.web.savedrequest.RequestCacheAwareFilter@227b9277, org.springframework.security.web.servletapi.SecurityContextHolderAwareRequestFilter@4c4215d7, org.springframework.security.web.authentication.AnonymousAuthenticationFilter@543ac221, org.springframework.security.web.session.SessionManagementFilter@24ac6fef, org.springframework.security.web.access.ExceptionTranslationFilter@55397d15, org.springframework.security.web.access.intercept.FilterSecurityInterceptor@5018b56b]
2019-07-15 17:06:15,713 INFO springfox.documentation.spring.web.plugins.DocumentationPluginsBootstrapper [main] Context refreshed
2019-07-15 17:06:15,733 INFO springfox.documentation.spring.web.plugins.DocumentationPluginsBootstrapper [main] Found 1 custom documentation plugin(s)
2019-07-15 17:06:15,780 INFO springfox.documentation.spring.web.scanners.ApiListingReferenceScanner [main] Scanning for api listing references
2019-07-15 17:06:16,148 INFO org.springframework.boot.web.embedded.tomcat.TomcatWebServer [main] Tomcat started on port(s): 8081 (http) with context path ''
2019-07-15 17:06:16,151 INFO com.example.btrestful1.Btrestful1Application [main] Started Btrestful1Application in 9.042 seconds (JVM running for 10.922)
2019-07-15 17:06:49,695 INFO org.apache.catalina.core.ContainerBase.[Tomcat].[localhost].[/] [http-nio-8081-exec-1] Initializing Spring DispatcherServlet 'dispatcherServlet'
2019-07-15 17:06:49,695 INFO org.springframework.web.servlet.DispatcherServlet [http-nio-8081-exec-1] Initializing Servlet 'dispatcherServlet'
2019-07-15 17:06:49,707 INFO org.springframework.web.servlet.DispatcherServlet [http-nio-8081-exec-1] Completed initialization in 12 ms
2019-07-15 17:06:50,379 INFO com.example.btrestful1.filter.TransactionFilter [http-nio-8081-exec-1] Starting a transaction for req : /accounts/42
2019-07-15 17:06:50,380 INFO com.example.btrestful1.filter.RequestResponseLoggingFilter [http-nio-8081-exec-1] Logging Request  PUT : /accounts/42
2019-07-15 17:06:50,472 INFO com.example.btrestful1.service.AccountService [http-nio-8081-exec-1] get account by id 42
2019-07-15 17:06:50,534 INFO com.example.btrestful1.controller.AccountController [http-nio-8081-exec-1] change password if role is ADMIN or its username
2019-07-15 17:06:50,534 INFO com.example.btrestful1.service.AccountService [http-nio-8081-exec-1] save account 
2019-07-15 17:06:50,954 INFO com.example.btrestful1.filter.RequestResponseLoggingFilter [http-nio-8081-exec-1] Logging Response :application/json;charset=UTF-8
2019-07-15 17:06:50,954 INFO com.example.btrestful1.filter.TransactionFilter [http-nio-8081-exec-1] Commiting Transactipn for req:/accounts/42
