2019-07-15 16:56:27,035 INFO com.example.btrestful1.Btrestful1Application [main] Starting Btrestful1Application on DESKTOP-HNLGD2K with PID 14720 (D:\intellj_project\btrestful1\target\classes started by Kim Dung in D:\intellj_project\btrestful1)
2019-07-15 16:56:27,046 DEBUG com.example.btrestful1.Btrestful1Application [main] Running with Spring Boot v2.1.6.RELEASE, Spring v5.1.8.RELEASE
2019-07-15 16:56:27,047 INFO com.example.btrestful1.Btrestful1Application [main] No active profile set, falling back to default profiles: default
2019-07-15 16:56:30,526 INFO org.springframework.data.repository.config.RepositoryConfigurationDelegate [main] Bootstrapping Spring Data repositories in DEFAULT mode.
2019-07-15 16:56:30,641 INFO org.springframework.data.repository.config.RepositoryConfigurationDelegate [main] Finished Spring Data repository scanning in 103ms. Found 3 repository interfaces.
2019-07-15 16:56:31,253 INFO org.springframework.context.support.PostProcessorRegistrationDelegate$BeanPostProcessorChecker [main] Bean 'org.springframework.transaction.annotation.ProxyTransactionManagementConfiguration' of type [org.springframework.transaction.annotation.ProxyTransactionManagementConfiguration$$EnhancerBySpringCGLIB$$ba5a4d75] is not eligible for getting processed by all BeanPostProcessors (for example: not eligible for auto-proxying)
2019-07-15 16:56:31,301 INFO org.springframework.context.support.PostProcessorRegistrationDelegate$BeanPostProcessorChecker [main] Bean 'org.springframework.security.config.annotation.configuration.ObjectPostProcessorConfiguration' of type [org.springframework.security.config.annotation.configuration.ObjectPostProcessorConfiguration$$EnhancerBySpringCGLIB$$530815af] is not eligible for getting processed by all BeanPostProcessors (for example: not eligible for auto-proxying)
2019-07-15 16:56:31,309 INFO org.springframework.context.support.PostProcessorRegistrationDelegate$BeanPostProcessorChecker [main] Bean 'objectPostProcessor' of type [org.springframework.security.config.annotation.configuration.AutowireBeanFactoryObjectPostProcessor] is not eligible for getting processed by all BeanPostProcessors (for example: not eligible for auto-proxying)
2019-07-15 16:56:31,312 INFO org.springframework.context.support.PostProcessorRegistrationDelegate$BeanPostProcessorChecker [main] Bean 'org.springframework.security.access.expression.method.DefaultMethodSecurityExpressionHandler@74aa9c72' of type [org.springframework.security.access.expression.method.DefaultMethodSecurityExpressionHandler] is not eligible for getting processed by all BeanPostProcessors (for example: not eligible for auto-proxying)
2019-07-15 16:56:31,317 INFO org.springframework.context.support.PostProcessorRegistrationDelegate$BeanPostProcessorChecker [main] Bean 'methodSecurityConfig' of type [com.example.btrestful1.configuration.MethodSecurityConfig$$EnhancerBySpringCGLIB$$ef0fcc58] is not eligible for getting processed by all BeanPostProcessors (for example: not eligible for auto-proxying)
2019-07-15 16:56:31,324 INFO org.springframework.context.support.PostProcessorRegistrationDelegate$BeanPostProcessorChecker [main] Bean 'methodSecurityMetadataSource' of type [org.springframework.security.access.method.DelegatingMethodSecurityMetadataSource] is not eligible for getting processed by all BeanPostProcessors (for example: not eligible for auto-proxying)
2019-07-15 16:56:31,677 INFO org.springframework.boot.web.embedded.tomcat.TomcatWebServer [main] Tomcat initialized with port(s): 8081 (http)
2019-07-15 16:56:31,705 INFO org.apache.catalina.core.StandardService [main] Starting service [Tomcat]
2019-07-15 16:56:31,705 INFO org.apache.catalina.core.StandardEngine [main] Starting Servlet engine: [Apache Tomcat/9.0.21]
2019-07-15 16:56:31,919 INFO org.apache.catalina.core.ContainerBase.[Tomcat].[localhost].[/] [main] Initializing Spring embedded WebApplicationContext
2019-07-15 16:56:31,920 INFO org.springframework.web.context.ContextLoader [main] Root WebApplicationContext: initialization completed in 4734 ms
2019-07-15 16:56:31,983 INFO org.springframework.boot.web.servlet.RegistrationBean [main] Filter requestResponseLoggingFilter was not registered (possibly already registered?)
2019-07-15 16:56:32,002 INFO com.example.btrestful1.filter.TransactionFilter [main] Initializing filter :com.example.btrestful1.filter.TransactionFilter@1442f788
2019-07-15 16:56:32,005 INFO com.example.btrestful1.filter.RequestResponseLoggingFilter [main] Initializing filter :com.example.btrestful1.filter.RequestResponseLoggingFilter@6ed16657
2019-07-15 16:56:32,185 INFO com.zaxxer.hikari.HikariDataSource [main] HikariPool-1 - Starting...
2019-07-15 16:56:32,187 WARN com.zaxxer.hikari.util.DriverDataSource [main] Registered driver with driverClassName=com.mysql.jdbc.Driver was not found, trying direct instantiation.
2019-07-15 16:56:32,496 INFO com.zaxxer.hikari.HikariDataSource [main] HikariPool-1 - Start completed.
2019-07-15 16:56:32,551 INFO org.hibernate.jpa.internal.util.LogHelper [main] HHH000204: Processing PersistenceUnitInfo [
	name: default
	...]
2019-07-15 16:56:32,642 INFO org.hibernate.Version [main] HHH000412: Hibernate Core {5.3.10.Final}
2019-07-15 16:56:32,643 INFO org.hibernate.cfg.Environment [main] HHH000206: hibernate.properties not found
2019-07-15 16:56:32,784 INFO org.hibernate.annotations.common.Version [main] HCANN000001: Hibernate Commons Annotations {5.0.4.Final}
2019-07-15 16:56:32,961 INFO org.hibernate.dialect.Dialect [main] HHH000400: Using dialect: org.hibernate.dialect.MySQL5Dialect
2019-07-15 16:56:34,066 INFO org.springframework.orm.jpa.LocalContainerEntityManagerFactoryBean [main] Initialized JPA EntityManagerFactory for persistence unit 'default'
2019-07-15 16:56:34,949 INFO org.hibernate.hql.internal.QueryTranslatorFactoryInitiator [main] HHH000397: Using ASTQueryTranslatorFactory
2019-07-15 16:56:36,019 WARN org.springframework.boot.autoconfigure.orm.jpa.JpaBaseConfiguration$JpaWebConfiguration$JpaWebMvcConfiguration [main] spring.jpa.open-in-view is enabled by default. Therefore, database queries may be performed during view rendering. Explicitly configure spring.jpa.open-in-view to disable this warning
2019-07-15 16:56:37,012 WARN org.springframework.security.oauth2.provider.token.store.JwtAccessTokenConverter [main] Unable to create an RSA verifier from verifierKey (ignoreable if using MAC)
2019-07-15 16:56:37,208 INFO springfox.documentation.spring.web.PropertySourcedRequestMappingHandlerMapping [main] Mapped URL path [/v2/api-docs] onto method [public org.springframework.http.ResponseEntity<springfox.documentation.spring.web.json.Json> springfox.documentation.swagger2.web.Swagger2Controller.getDocumentation(java.lang.String,javax.servlet.http.HttpServletRequest)]
2019-07-15 16:56:37,897 INFO org.springframework.security.web.DefaultSecurityFilterChain [main] Creating filter chain: any request, [org.springframework.security.web.context.request.async.WebAsyncManagerIntegrationFilter@41b66d1, org.springframework.security.web.context.SecurityContextPersistenceFilter@4ad3969, org.springframework.security.web.header.HeaderWriterFilter@614d7fbf, org.springframework.security.web.authentication.logout.LogoutFilter@72e49f6a, org.springframework.security.oauth2.provider.authentication.OAuth2AuthenticationProcessingFilter@4552f905, org.springframework.security.web.savedrequest.RequestCacheAwareFilter@2d7aa291, org.springframework.security.web.servletapi.SecurityContextHolderAwareRequestFilter@7d5a0b14, org.springframework.security.web.session.SessionManagementFilter@1d8dbf10, org.springframework.security.web.access.ExceptionTranslationFilter@537451d5, org.springframework.security.web.access.intercept.FilterSecurityInterceptor@55e5415d]
2019-07-15 16:56:37,916 INFO org.springframework.security.web.DefaultSecurityFilterChain [main] Creating filter chain: any request, [org.springframework.security.web.context.request.async.WebAsyncManagerIntegrationFilter@27746c5e, org.springframework.security.web.context.SecurityContextPersistenceFilter@227b9277, org.springframework.security.web.header.HeaderWriterFilter@24ac6fef, org.springframework.security.web.csrf.CsrfFilter@1791e231, org.springframework.security.web.authentication.logout.LogoutFilter@cfb94fd, org.springframework.security.web.authentication.UsernamePasswordAuthenticationFilter@124ff64d, org.springframework.security.web.authentication.ui.DefaultLoginPageGeneratingFilter@13f36d75, org.springframework.security.web.authentication.ui.DefaultLogoutPageGeneratingFilter@543ac221, org.springframework.security.web.authentication.www.BasicAuthenticationFilter@7831d1aa, org.springframework.security.web.savedrequest.RequestCacheAwareFilter@4c4215d7, org.springframework.security.web.servletapi.SecurityContextHolderAwareRequestFilter@b56d8a7, org.springframework.security.web.authentication.AnonymousAuthenticationFilter@2270f58d, org.springframework.security.web.session.SessionManagementFilter@3cb49121, org.springframework.security.web.access.ExceptionTranslationFilter@5e360c3b, org.springframework.security.web.access.intercept.FilterSecurityInterceptor@360a3106]
2019-07-15 16:56:37,986 INFO springfox.documentation.spring.web.plugins.DocumentationPluginsBootstrapper [main] Context refreshed
2019-07-15 16:56:38,009 INFO springfox.documentation.spring.web.plugins.DocumentationPluginsBootstrapper [main] Found 1 custom documentation plugin(s)
2019-07-15 16:56:38,054 INFO springfox.documentation.spring.web.scanners.ApiListingReferenceScanner [main] Scanning for api listing references
2019-07-15 16:56:38,409 INFO org.springframework.boot.web.embedded.tomcat.TomcatWebServer [main] Tomcat started on port(s): 8081 (http) with context path ''
2019-07-15 16:56:38,412 INFO com.example.btrestful1.Btrestful1Application [main] Started Btrestful1Application in 12.098 seconds (JVM running for 15.008)
