2019-07-15 17:31:09,716 INFO com.example.btrestful1.Btrestful1Application [main] Starting Btrestful1Application on DESKTOP-HNLGD2K with PID 15756 (D:\intellj_project\btrestful1\target\classes started by Kim Dung in D:\intellj_project\btrestful1)
2019-07-15 17:31:09,751 DEBUG com.example.btrestful1.Btrestful1Application [main] Running with Spring Boot v2.1.6.RELEASE, Spring v5.1.8.RELEASE
2019-07-15 17:31:09,805 INFO com.example.btrestful1.Btrestful1Application [main] No active profile set, falling back to default profiles: default
2019-07-15 17:31:12,615 INFO org.springframework.data.repository.config.RepositoryConfigurationDelegate [main] Bootstrapping Spring Data repositories in DEFAULT mode.
2019-07-15 17:31:12,760 INFO org.springframework.data.repository.config.RepositoryConfigurationDelegate [main] Finished Spring Data repository scanning in 132ms. Found 3 repository interfaces.
2019-07-15 17:31:13,346 INFO org.springframework.context.support.PostProcessorRegistrationDelegate$BeanPostProcessorChecker [main] Bean 'org.springframework.transaction.annotation.ProxyTransactionManagementConfiguration' of type [org.springframework.transaction.annotation.ProxyTransactionManagementConfiguration$$EnhancerBySpringCGLIB$$41827429] is not eligible for getting processed by all BeanPostProcessors (for example: not eligible for auto-proxying)
2019-07-15 17:31:13,402 INFO org.springframework.context.support.PostProcessorRegistrationDelegate$BeanPostProcessorChecker [main] Bean 'org.springframework.security.config.annotation.configuration.ObjectPostProcessorConfiguration' of type [org.springframework.security.config.annotation.configuration.ObjectPostProcessorConfiguration$$EnhancerBySpringCGLIB$$da303c63] is not eligible for getting processed by all BeanPostProcessors (for example: not eligible for auto-proxying)
2019-07-15 17:31:13,408 INFO org.springframework.context.support.PostProcessorRegistrationDelegate$BeanPostProcessorChecker [main] Bean 'objectPostProcessor' of type [org.springframework.security.config.annotation.configuration.AutowireBeanFactoryObjectPostProcessor] is not eligible for getting processed by all BeanPostProcessors (for example: not eligible for auto-proxying)
2019-07-15 17:31:13,411 INFO org.springframework.context.support.PostProcessorRegistrationDelegate$BeanPostProcessorChecker [main] Bean 'org.springframework.security.access.expression.method.DefaultMethodSecurityExpressionHandler@363a3d15' of type [org.springframework.security.access.expression.method.DefaultMethodSecurityExpressionHandler] is not eligible for getting processed by all BeanPostProcessors (for example: not eligible for auto-proxying)
2019-07-15 17:31:13,413 INFO org.springframework.context.support.PostProcessorRegistrationDelegate$BeanPostProcessorChecker [main] Bean 'methodSecurityConfig' of type [com.example.btrestful1.configuration.MethodSecurityConfig$$EnhancerBySpringCGLIB$$7637f30c] is not eligible for getting processed by all BeanPostProcessors (for example: not eligible for auto-proxying)
2019-07-15 17:31:13,422 INFO org.springframework.context.support.PostProcessorRegistrationDelegate$BeanPostProcessorChecker [main] Bean 'methodSecurityMetadataSource' of type [org.springframework.security.access.method.DelegatingMethodSecurityMetadataSource] is not eligible for getting processed by all BeanPostProcessors (for example: not eligible for auto-proxying)
2019-07-15 17:31:13,952 INFO org.springframework.boot.web.embedded.tomcat.TomcatWebServer [main] Tomcat initialized with port(s): 8081 (http)
2019-07-15 17:31:13,984 INFO org.apache.catalina.core.StandardService [main] Starting service [Tomcat]
2019-07-15 17:31:13,984 INFO org.apache.catalina.core.StandardEngine [main] Starting Servlet engine: [Apache Tomcat/9.0.21]
2019-07-15 17:31:14,192 INFO org.apache.catalina.core.ContainerBase.[Tomcat].[localhost].[/] [main] Initializing Spring embedded WebApplicationContext
2019-07-15 17:31:14,193 INFO org.springframework.web.context.ContextLoader [main] Root WebApplicationContext: initialization completed in 4141 ms
2019-07-15 17:31:14,258 INFO org.springframework.boot.web.servlet.RegistrationBean [main] Filter requestResponseLoggingFilter was not registered (possibly already registered?)
2019-07-15 17:31:14,273 INFO com.example.btrestful1.filter.TransactionFilter [main] Initializing filter :com.example.btrestful1.filter.TransactionFilter@71978f46
2019-07-15 17:31:14,275 INFO com.example.btrestful1.filter.RequestResponseLoggingFilter [main] Initializing filter :com.example.btrestful1.filter.RequestResponseLoggingFilter@761956ac
2019-07-15 17:31:14,457 INFO com.zaxxer.hikari.HikariDataSource [main] HikariPool-1 - Starting...
2019-07-15 17:31:14,459 WARN com.zaxxer.hikari.util.DriverDataSource [main] Registered driver with driverClassName=com.mysql.jdbc.Driver was not found, trying direct instantiation.
2019-07-15 17:31:14,766 INFO com.zaxxer.hikari.HikariDataSource [main] HikariPool-1 - Start completed.
2019-07-15 17:31:14,826 INFO org.hibernate.jpa.internal.util.LogHelper [main] HHH000204: Processing PersistenceUnitInfo [
	name: default
	...]
2019-07-15 17:31:14,910 INFO org.hibernate.Version [main] HHH000412: Hibernate Core {5.3.10.Final}
2019-07-15 17:31:14,912 INFO org.hibernate.cfg.Environment [main] HHH000206: hibernate.properties not found
2019-07-15 17:31:15,078 INFO org.hibernate.annotations.common.Version [main] HCANN000001: Hibernate Commons Annotations {5.0.4.Final}
2019-07-15 17:31:15,257 INFO org.hibernate.dialect.Dialect [main] HHH000400: Using dialect: org.hibernate.dialect.MySQL5Dialect
2019-07-15 17:31:16,188 INFO org.springframework.orm.jpa.LocalContainerEntityManagerFactoryBean [main] Initialized JPA EntityManagerFactory for persistence unit 'default'
2019-07-15 17:31:16,725 INFO org.hibernate.hql.internal.QueryTranslatorFactoryInitiator [main] HHH000397: Using ASTQueryTranslatorFactory
2019-07-15 17:31:17,287 WARN org.springframework.boot.autoconfigure.orm.jpa.JpaBaseConfiguration$JpaWebConfiguration$JpaWebMvcConfiguration [main] spring.jpa.open-in-view is enabled by default. Therefore, database queries may be performed during view rendering. Explicitly configure spring.jpa.open-in-view to disable this warning
2019-07-15 17:31:17,729 WARN org.springframework.security.oauth2.provider.token.store.JwtAccessTokenConverter [main] Unable to create an RSA verifier from verifierKey (ignoreable if using MAC)
2019-07-15 17:31:17,910 INFO springfox.documentation.spring.web.PropertySourcedRequestMappingHandlerMapping [main] Mapped URL path [/v2/api-docs] onto method [public org.springframework.http.ResponseEntity<springfox.documentation.spring.web.json.Json> springfox.documentation.swagger2.web.Swagger2Controller.getDocumentation(java.lang.String,javax.servlet.http.HttpServletRequest)]
2019-07-15 17:31:18,655 INFO org.springframework.security.web.DefaultSecurityFilterChain [main] Creating filter chain: any request, [org.springframework.security.web.context.request.async.WebAsyncManagerIntegrationFilter@558127d2, org.springframework.security.web.context.SecurityContextPersistenceFilter@1e50eb3f, org.springframework.security.web.header.HeaderWriterFilter@7a274521, org.springframework.security.web.authentication.logout.LogoutFilter@27dc81be, org.springframework.security.oauth2.provider.authentication.OAuth2AuthenticationProcessingFilter@351e86b2, org.springframework.security.web.savedrequest.RequestCacheAwareFilter@537451d5, org.springframework.security.web.servletapi.SecurityContextHolderAwareRequestFilter@1ba7db2a, org.springframework.security.web.session.SessionManagementFilter@35841d6, org.springframework.security.web.access.ExceptionTranslationFilter@60a99f3d, org.springframework.security.web.access.intercept.FilterSecurityInterceptor@35ff072c]
2019-07-15 17:31:18,680 INFO org.springframework.security.web.DefaultSecurityFilterChain [main] Creating filter chain: any request, [org.springframework.security.web.context.request.async.WebAsyncManagerIntegrationFilter@7e9a836, org.springframework.security.web.context.SecurityContextPersistenceFilter@5d93ff21, org.springframework.security.web.header.HeaderWriterFilter@5c2a3f0c, org.springframework.security.web.csrf.CsrfFilter@4b7e4d14, org.springframework.security.web.authentication.logout.LogoutFilter@24ac6fef, org.springframework.security.web.authentication.UsernamePasswordAuthenticationFilter@4ebd8d2, org.springframework.security.web.authentication.ui.DefaultLoginPageGeneratingFilter@1791e231, org.springframework.security.web.authentication.ui.DefaultLogoutPageGeneratingFilter@124ff64d, org.springframework.security.web.authentication.www.BasicAuthenticationFilter@360a3106, org.springframework.security.web.savedrequest.RequestCacheAwareFilter@51fb5fe6, org.springframework.security.web.servletapi.SecurityContextHolderAwareRequestFilter@5ca4c88a, org.springframework.security.web.authentication.AnonymousAuthenticationFilter@75aa7703, org.springframework.security.web.session.SessionManagementFilter@6585df70, org.springframework.security.web.access.ExceptionTranslationFilter@601d9f3a, org.springframework.security.web.access.intercept.FilterSecurityInterceptor@6de5ad56]
2019-07-15 17:31:18,765 INFO springfox.documentation.spring.web.plugins.DocumentationPluginsBootstrapper [main] Context refreshed
2019-07-15 17:31:18,786 INFO springfox.documentation.spring.web.plugins.DocumentationPluginsBootstrapper [main] Found 1 custom documentation plugin(s)
2019-07-15 17:31:18,842 INFO springfox.documentation.spring.web.scanners.ApiListingReferenceScanner [main] Scanning for api listing references
2019-07-15 17:31:19,236 INFO org.springframework.boot.web.embedded.tomcat.TomcatWebServer [main] Tomcat started on port(s): 8081 (http) with context path ''
2019-07-15 17:31:19,238 INFO com.example.btrestful1.Btrestful1Application [main] Started Btrestful1Application in 10.388 seconds (JVM running for 12.57)
2019-07-15 17:31:28,528 INFO org.apache.catalina.core.ContainerBase.[Tomcat].[localhost].[/] [http-nio-8081-exec-1] Initializing Spring DispatcherServlet 'dispatcherServlet'
2019-07-15 17:31:28,529 INFO org.springframework.web.servlet.DispatcherServlet [http-nio-8081-exec-1] Initializing Servlet 'dispatcherServlet'
2019-07-15 17:31:28,548 INFO org.springframework.web.servlet.DispatcherServlet [http-nio-8081-exec-1] Completed initialization in 19 ms
2019-07-15 17:31:29,628 INFO com.example.btrestful1.filter.TransactionFilter [http-nio-8081-exec-1] Starting a transaction for req : /accounts/45
2019-07-15 17:31:29,628 INFO com.example.btrestful1.filter.RequestResponseLoggingFilter [http-nio-8081-exec-1] Logging Request  DELETE : /accounts/45
2019-07-15 17:31:29,688 INFO com.example.btrestful1.service.AccountService [http-nio-8081-exec-1] get account by id 45
2019-07-15 17:31:29,754 INFO com.example.btrestful1.service.AccountService [http-nio-8081-exec-1] delet account by id
2019-07-15 17:31:29,755 INFO com.example.btrestful1.service.AccountService [http-nio-8081-exec-1] get account by id 45
2019-07-15 17:31:29,920 INFO com.example.btrestful1.filter.RequestResponseLoggingFilter [http-nio-8081-exec-1] Logging Response :application/json;charset=UTF-8
2019-07-15 17:31:29,921 INFO com.example.btrestful1.filter.TransactionFilter [http-nio-8081-exec-1] Commiting Transactipn for req:/accounts/45
2019-07-15 17:31:46,307 INFO com.example.btrestful1.filter.TransactionFilter [http-nio-8081-exec-2] Starting a transaction for req : /accounts/43
2019-07-15 17:31:46,307 INFO com.example.btrestful1.filter.RequestResponseLoggingFilter [http-nio-8081-exec-2] Logging Request  DELETE : /accounts/43
2019-07-15 17:31:46,316 INFO com.example.btrestful1.service.AccountService [http-nio-8081-exec-2] get account by id 43
2019-07-15 17:31:46,322 INFO com.example.btrestful1.service.AccountService [http-nio-8081-exec-2] delet account by id
2019-07-15 17:31:46,322 INFO com.example.btrestful1.service.AccountService [http-nio-8081-exec-2] get account by id 43
2019-07-15 17:31:46,386 INFO com.example.btrestful1.filter.RequestResponseLoggingFilter [http-nio-8081-exec-2] Logging Response :application/json;charset=UTF-8
2019-07-15 17:31:46,386 INFO com.example.btrestful1.filter.TransactionFilter [http-nio-8081-exec-2] Commiting Transactipn for req:/accounts/43
