2019-07-15 17:27:11,731 INFO com.example.btrestful1.Btrestful1Application [main] Starting Btrestful1Application on DESKTOP-HNLGD2K with PID 15952 (D:\intellj_project\btrestful1\target\classes started by Kim Dung in D:\intellj_project\btrestful1)
2019-07-15 17:27:11,764 DEBUG com.example.btrestful1.Btrestful1Application [main] Running with Spring Boot v2.1.6.RELEASE, Spring v5.1.8.RELEASE
2019-07-15 17:27:11,765 INFO com.example.btrestful1.Btrestful1Application [main] No active profile set, falling back to default profiles: default
2019-07-15 17:27:14,253 INFO org.springframework.data.repository.config.RepositoryConfigurationDelegate [main] Bootstrapping Spring Data repositories in DEFAULT mode.
2019-07-15 17:27:14,361 INFO org.springframework.data.repository.config.RepositoryConfigurationDelegate [main] Finished Spring Data repository scanning in 96ms. Found 3 repository interfaces.
2019-07-15 17:27:14,916 INFO org.springframework.context.support.PostProcessorRegistrationDelegate$BeanPostProcessorChecker [main] Bean 'org.springframework.transaction.annotation.ProxyTransactionManagementConfiguration' of type [org.springframework.transaction.annotation.ProxyTransactionManagementConfiguration$$EnhancerBySpringCGLIB$$9826ae8e] is not eligible for getting processed by all BeanPostProcessors (for example: not eligible for auto-proxying)
2019-07-15 17:27:14,968 INFO org.springframework.context.support.PostProcessorRegistrationDelegate$BeanPostProcessorChecker [main] Bean 'org.springframework.security.config.annotation.configuration.ObjectPostProcessorConfiguration' of type [org.springframework.security.config.annotation.configuration.ObjectPostProcessorConfiguration$$EnhancerBySpringCGLIB$$30d476c8] is not eligible for getting processed by all BeanPostProcessors (for example: not eligible for auto-proxying)
2019-07-15 17:27:14,975 INFO org.springframework.context.support.PostProcessorRegistrationDelegate$BeanPostProcessorChecker [main] Bean 'objectPostProcessor' of type [org.springframework.security.config.annotation.configuration.AutowireBeanFactoryObjectPostProcessor] is not eligible for getting processed by all BeanPostProcessors (for example: not eligible for auto-proxying)
2019-07-15 17:27:14,977 INFO org.springframework.context.support.PostProcessorRegistrationDelegate$BeanPostProcessorChecker [main] Bean 'org.springframework.security.access.expression.method.DefaultMethodSecurityExpressionHandler@5d7835a8' of type [org.springframework.security.access.expression.method.DefaultMethodSecurityExpressionHandler] is not eligible for getting processed by all BeanPostProcessors (for example: not eligible for auto-proxying)
2019-07-15 17:27:14,979 INFO org.springframework.context.support.PostProcessorRegistrationDelegate$BeanPostProcessorChecker [main] Bean 'methodSecurityConfig' of type [com.example.btrestful1.configuration.MethodSecurityConfig$$EnhancerBySpringCGLIB$$ccdc2d71] is not eligible for getting processed by all BeanPostProcessors (for example: not eligible for auto-proxying)
2019-07-15 17:27:14,984 INFO org.springframework.context.support.PostProcessorRegistrationDelegate$BeanPostProcessorChecker [main] Bean 'methodSecurityMetadataSource' of type [org.springframework.security.access.method.DelegatingMethodSecurityMetadataSource] is not eligible for getting processed by all BeanPostProcessors (for example: not eligible for auto-proxying)
2019-07-15 17:27:15,326 INFO org.springframework.boot.web.embedded.tomcat.TomcatWebServer [main] Tomcat initialized with port(s): 8081 (http)
2019-07-15 17:27:15,351 INFO org.apache.catalina.core.StandardService [main] Starting service [Tomcat]
2019-07-15 17:27:15,351 INFO org.apache.catalina.core.StandardEngine [main] Starting Servlet engine: [Apache Tomcat/9.0.21]
2019-07-15 17:27:15,554 INFO org.apache.catalina.core.ContainerBase.[Tomcat].[localhost].[/] [main] Initializing Spring embedded WebApplicationContext
2019-07-15 17:27:15,555 INFO org.springframework.web.context.ContextLoader [main] Root WebApplicationContext: initialization completed in 3635 ms
2019-07-15 17:27:15,616 INFO org.springframework.boot.web.servlet.RegistrationBean [main] Filter requestResponseLoggingFilter was not registered (possibly already registered?)
2019-07-15 17:27:15,632 INFO com.example.btrestful1.filter.TransactionFilter [main] Initializing filter :com.example.btrestful1.filter.TransactionFilter@360bc645
2019-07-15 17:27:15,634 INFO com.example.btrestful1.filter.RequestResponseLoggingFilter [main] Initializing filter :com.example.btrestful1.filter.RequestResponseLoggingFilter@720bf653
2019-07-15 17:27:15,794 INFO com.zaxxer.hikari.HikariDataSource [main] HikariPool-1 - Starting...
2019-07-15 17:27:15,795 WARN com.zaxxer.hikari.util.DriverDataSource [main] Registered driver with driverClassName=com.mysql.jdbc.Driver was not found, trying direct instantiation.
2019-07-15 17:27:16,081 INFO com.zaxxer.hikari.HikariDataSource [main] HikariPool-1 - Start completed.
2019-07-15 17:27:16,141 INFO org.hibernate.jpa.internal.util.LogHelper [main] HHH000204: Processing PersistenceUnitInfo [
	name: default
	...]
2019-07-15 17:27:16,227 INFO org.hibernate.Version [main] HHH000412: Hibernate Core {5.3.10.Final}
2019-07-15 17:27:16,228 INFO org.hibernate.cfg.Environment [main] HHH000206: hibernate.properties not found
2019-07-15 17:27:16,366 INFO org.hibernate.annotations.common.Version [main] HCANN000001: Hibernate Commons Annotations {5.0.4.Final}
2019-07-15 17:27:16,504 INFO org.hibernate.dialect.Dialect [main] HHH000400: Using dialect: org.hibernate.dialect.MySQL5Dialect
2019-07-15 17:27:17,415 INFO org.springframework.orm.jpa.LocalContainerEntityManagerFactoryBean [main] Initialized JPA EntityManagerFactory for persistence unit 'default'
2019-07-15 17:27:17,932 INFO org.hibernate.hql.internal.QueryTranslatorFactoryInitiator [main] HHH000397: Using ASTQueryTranslatorFactory
2019-07-15 17:27:18,451 WARN org.springframework.boot.autoconfigure.orm.jpa.JpaBaseConfiguration$JpaWebConfiguration$JpaWebMvcConfiguration [main] spring.jpa.open-in-view is enabled by default. Therefore, database queries may be performed during view rendering. Explicitly configure spring.jpa.open-in-view to disable this warning
2019-07-15 17:27:18,855 WARN org.springframework.security.oauth2.provider.token.store.JwtAccessTokenConverter [main] Unable to create an RSA verifier from verifierKey (ignoreable if using MAC)
2019-07-15 17:27:19,019 INFO springfox.documentation.spring.web.PropertySourcedRequestMappingHandlerMapping [main] Mapped URL path [/v2/api-docs] onto method [public org.springframework.http.ResponseEntity<springfox.documentation.spring.web.json.Json> springfox.documentation.swagger2.web.Swagger2Controller.getDocumentation(java.lang.String,javax.servlet.http.HttpServletRequest)]
2019-07-15 17:27:19,724 INFO org.springframework.security.web.DefaultSecurityFilterChain [main] Creating filter chain: any request, [org.springframework.security.web.context.request.async.WebAsyncManagerIntegrationFilter@6a0e97fc, org.springframework.security.web.context.SecurityContextPersistenceFilter@2904bc56, org.springframework.security.web.header.HeaderWriterFilter@5c9e3d01, org.springframework.security.web.authentication.logout.LogoutFilter@1ea96ff2, org.springframework.security.oauth2.provider.authentication.OAuth2AuthenticationProcessingFilter@39ead1b7, org.springframework.security.web.savedrequest.RequestCacheAwareFilter@69b1e8f8, org.springframework.security.web.servletapi.SecurityContextHolderAwareRequestFilter@4ac7856f, org.springframework.security.web.session.SessionManagementFilter@4a2d66e, org.springframework.security.web.access.ExceptionTranslationFilter@21e702b8, org.springframework.security.web.access.intercept.FilterSecurityInterceptor@3595086b]
2019-07-15 17:27:19,744 INFO org.springframework.security.web.DefaultSecurityFilterChain [main] Creating filter chain: any request, [org.springframework.security.web.context.request.async.WebAsyncManagerIntegrationFilter@66abb2fa, org.springframework.security.web.context.SecurityContextPersistenceFilter@44106e25, org.springframework.security.web.header.HeaderWriterFilter@5a8b42a3, org.springframework.security.web.csrf.CsrfFilter@2792c28, org.springframework.security.web.authentication.logout.LogoutFilter@646d58cd, org.springframework.security.web.authentication.UsernamePasswordAuthenticationFilter@72585e83, org.springframework.security.web.authentication.ui.DefaultLoginPageGeneratingFilter@558127d2, org.springframework.security.web.authentication.ui.DefaultLogoutPageGeneratingFilter@7d4da729, org.springframework.security.web.authentication.www.BasicAuthenticationFilter@60b553f, org.springframework.security.web.savedrequest.RequestCacheAwareFilter@57a5b03, org.springframework.security.web.servletapi.SecurityContextHolderAwareRequestFilter@5649f55, org.springframework.security.web.authentication.AnonymousAuthenticationFilter@2133b712, org.springframework.security.web.session.SessionManagementFilter@11582db6, org.springframework.security.web.access.ExceptionTranslationFilter@351e86b2, org.springframework.security.web.access.intercept.FilterSecurityInterceptor@fb2c2f3]
2019-07-15 17:27:19,817 INFO springfox.documentation.spring.web.plugins.DocumentationPluginsBootstrapper [main] Context refreshed
2019-07-15 17:27:19,837 INFO springfox.documentation.spring.web.plugins.DocumentationPluginsBootstrapper [main] Found 1 custom documentation plugin(s)
2019-07-15 17:27:19,888 INFO springfox.documentation.spring.web.scanners.ApiListingReferenceScanner [main] Scanning for api listing references
2019-07-15 17:27:20,247 INFO org.springframework.boot.web.embedded.tomcat.TomcatWebServer [main] Tomcat started on port(s): 8081 (http) with context path ''
2019-07-15 17:27:20,249 INFO com.example.btrestful1.Btrestful1Application [main] Started Btrestful1Application in 9.226 seconds (JVM running for 11.155)
