2019-07-15 17:34:19,461 INFO com.example.btrestful1.Btrestful1Application [main] Starting Btrestful1Application on DESKTOP-HNLGD2K with PID 14368 (D:\intellj_project\btrestful1\target\classes started by Kim Dung in D:\intellj_project\btrestful1)
2019-07-15 17:34:19,568 DEBUG com.example.btrestful1.Btrestful1Application [main] Running with Spring Boot v2.1.6.RELEASE, Spring v5.1.8.RELEASE
2019-07-15 17:34:19,569 INFO com.example.btrestful1.Btrestful1Application [main] No active profile set, falling back to default profiles: default
2019-07-15 17:34:22,400 INFO org.springframework.data.repository.config.RepositoryConfigurationDelegate [main] Bootstrapping Spring Data repositories in DEFAULT mode.
2019-07-15 17:34:22,531 INFO org.springframework.data.repository.config.RepositoryConfigurationDelegate [main] Finished Spring Data repository scanning in 116ms. Found 3 repository interfaces.
2019-07-15 17:34:23,069 INFO org.springframework.context.support.PostProcessorRegistrationDelegate$BeanPostProcessorChecker [main] Bean 'org.springframework.transaction.annotation.ProxyTransactionManagementConfiguration' of type [org.springframework.transaction.annotation.ProxyTransactionManagementConfiguration$$EnhancerBySpringCGLIB$$c279dabc] is not eligible for getting processed by all BeanPostProcessors (for example: not eligible for auto-proxying)
2019-07-15 17:34:23,123 INFO org.springframework.context.support.PostProcessorRegistrationDelegate$BeanPostProcessorChecker [main] Bean 'org.springframework.security.config.annotation.configuration.ObjectPostProcessorConfiguration' of type [org.springframework.security.config.annotation.configuration.ObjectPostProcessorConfiguration$$EnhancerBySpringCGLIB$$5b27a2f6] is not eligible for getting processed by all BeanPostProcessors (for example: not eligible for auto-proxying)
2019-07-15 17:34:23,131 INFO org.springframework.context.support.PostProcessorRegistrationDelegate$BeanPostProcessorChecker [main] Bean 'objectPostProcessor' of type [org.springframework.security.config.annotation.configuration.AutowireBeanFactoryObjectPostProcessor] is not eligible for getting processed by all BeanPostProcessors (for example: not eligible for auto-proxying)
2019-07-15 17:34:23,134 INFO org.springframework.context.support.PostProcessorRegistrationDelegate$BeanPostProcessorChecker [main] Bean 'org.springframework.security.access.expression.method.DefaultMethodSecurityExpressionHandler@11ebb1b6' of type [org.springframework.security.access.expression.method.DefaultMethodSecurityExpressionHandler] is not eligible for getting processed by all BeanPostProcessors (for example: not eligible for auto-proxying)
2019-07-15 17:34:23,136 INFO org.springframework.context.support.PostProcessorRegistrationDelegate$BeanPostProcessorChecker [main] Bean 'methodSecurityConfig' of type [com.example.btrestful1.configuration.MethodSecurityConfig$$EnhancerBySpringCGLIB$$f72f599f] is not eligible for getting processed by all BeanPostProcessors (for example: not eligible for auto-proxying)
2019-07-15 17:34:23,143 INFO org.springframework.context.support.PostProcessorRegistrationDelegate$BeanPostProcessorChecker [main] Bean 'methodSecurityMetadataSource' of type [org.springframework.security.access.method.DelegatingMethodSecurityMetadataSource] is not eligible for getting processed by all BeanPostProcessors (for example: not eligible for auto-proxying)
2019-07-15 17:34:23,540 INFO org.springframework.boot.web.embedded.tomcat.TomcatWebServer [main] Tomcat initialized with port(s): 8081 (http)
2019-07-15 17:34:23,571 INFO org.apache.catalina.core.StandardService [main] Starting service [Tomcat]
2019-07-15 17:34:23,572 INFO org.apache.catalina.core.StandardEngine [main] Starting Servlet engine: [Apache Tomcat/9.0.21]
2019-07-15 17:34:23,778 INFO org.apache.catalina.core.ContainerBase.[Tomcat].[localhost].[/] [main] Initializing Spring embedded WebApplicationContext
2019-07-15 17:34:23,778 INFO org.springframework.web.context.ContextLoader [main] Root WebApplicationContext: initialization completed in 4062 ms
2019-07-15 17:34:23,840 INFO org.springframework.boot.web.servlet.RegistrationBean [main] Filter requestResponseLoggingFilter was not registered (possibly already registered?)
2019-07-15 17:34:23,859 INFO com.example.btrestful1.filter.TransactionFilter [main] Initializing filter :com.example.btrestful1.filter.TransactionFilter@188cbcde
2019-07-15 17:34:23,862 INFO com.example.btrestful1.filter.RequestResponseLoggingFilter [main] Initializing filter :com.example.btrestful1.filter.RequestResponseLoggingFilter@5c080ef3
2019-07-15 17:34:24,045 INFO com.zaxxer.hikari.HikariDataSource [main] HikariPool-1 - Starting...
2019-07-15 17:34:24,047 WARN com.zaxxer.hikari.util.DriverDataSource [main] Registered driver with driverClassName=com.mysql.jdbc.Driver was not found, trying direct instantiation.
2019-07-15 17:34:24,348 INFO com.zaxxer.hikari.HikariDataSource [main] HikariPool-1 - Start completed.
2019-07-15 17:34:24,409 INFO org.hibernate.jpa.internal.util.LogHelper [main] HHH000204: Processing PersistenceUnitInfo [
	name: default
	...]
2019-07-15 17:34:24,494 INFO org.hibernate.Version [main] HHH000412: Hibernate Core {5.3.10.Final}
2019-07-15 17:34:24,496 INFO org.hibernate.cfg.Environment [main] HHH000206: hibernate.properties not found
2019-07-15 17:34:24,651 INFO org.hibernate.annotations.common.Version [main] HCANN000001: Hibernate Commons Annotations {5.0.4.Final}
2019-07-15 17:34:24,817 INFO org.hibernate.dialect.Dialect [main] HHH000400: Using dialect: org.hibernate.dialect.MySQL5Dialect
2019-07-15 17:34:25,822 INFO org.springframework.orm.jpa.LocalContainerEntityManagerFactoryBean [main] Initialized JPA EntityManagerFactory for persistence unit 'default'
2019-07-15 17:34:26,384 INFO org.hibernate.hql.internal.QueryTranslatorFactoryInitiator [main] HHH000397: Using ASTQueryTranslatorFactory
2019-07-15 17:34:26,960 WARN org.springframework.boot.autoconfigure.orm.jpa.JpaBaseConfiguration$JpaWebConfiguration$JpaWebMvcConfiguration [main] spring.jpa.open-in-view is enabled by default. Therefore, database queries may be performed during view rendering. Explicitly configure spring.jpa.open-in-view to disable this warning
2019-07-15 17:34:27,378 WARN org.springframework.security.oauth2.provider.token.store.JwtAccessTokenConverter [main] Unable to create an RSA verifier from verifierKey (ignoreable if using MAC)
2019-07-15 17:34:27,554 INFO springfox.documentation.spring.web.PropertySourcedRequestMappingHandlerMapping [main] Mapped URL path [/v2/api-docs] onto method [public org.springframework.http.ResponseEntity<springfox.documentation.spring.web.json.Json> springfox.documentation.swagger2.web.Swagger2Controller.getDocumentation(java.lang.String,javax.servlet.http.HttpServletRequest)]
2019-07-15 17:34:28,311 INFO org.springframework.security.web.DefaultSecurityFilterChain [main] Creating filter chain: any request, [org.springframework.security.web.context.request.async.WebAsyncManagerIntegrationFilter@13f36d75, org.springframework.security.web.context.SecurityContextPersistenceFilter@45d38165, org.springframework.security.web.header.HeaderWriterFilter@4ae2c01b, org.springframework.security.web.authentication.logout.LogoutFilter@4bca8eaf, org.springframework.security.oauth2.provider.authentication.OAuth2AuthenticationProcessingFilter@5e360c3b, org.springframework.security.web.savedrequest.RequestCacheAwareFilter@26612078, org.springframework.security.web.servletapi.SecurityContextHolderAwareRequestFilter@7b8cb283, org.springframework.security.web.session.SessionManagementFilter@6879e983, org.springframework.security.web.access.ExceptionTranslationFilter@2e4b5da1, org.springframework.security.web.access.intercept.FilterSecurityInterceptor@388e4c25]
2019-07-15 17:34:28,334 INFO org.springframework.security.web.DefaultSecurityFilterChain [main] Creating filter chain: any request, [org.springframework.security.web.context.request.async.WebAsyncManagerIntegrationFilter@3278d065, org.springframework.security.web.context.SecurityContextPersistenceFilter@63a72cc6, org.springframework.security.web.header.HeaderWriterFilter@7323c38c, org.springframework.security.web.csrf.CsrfFilter@50e1f3fc, org.springframework.security.web.authentication.logout.LogoutFilter@16e4db59, org.springframework.security.web.authentication.UsernamePasswordAuthenticationFilter@24435620, org.springframework.security.web.authentication.ui.DefaultLoginPageGeneratingFilter@35d4035f, org.springframework.security.web.authentication.ui.DefaultLogoutPageGeneratingFilter@545f0b6, org.springframework.security.web.authentication.www.BasicAuthenticationFilter@4feec184, org.springframework.security.web.savedrequest.RequestCacheAwareFilter@61bd0845, org.springframework.security.web.servletapi.SecurityContextHolderAwareRequestFilter@cef885d, org.springframework.security.web.authentication.AnonymousAuthenticationFilter@3c9ef37b, org.springframework.security.web.session.SessionManagementFilter@2c02a007, org.springframework.security.web.access.ExceptionTranslationFilter@56da8847, org.springframework.security.web.access.intercept.FilterSecurityInterceptor@64688978]
2019-07-15 17:34:28,417 INFO springfox.documentation.spring.web.plugins.DocumentationPluginsBootstrapper [main] Context refreshed
2019-07-15 17:34:28,437 INFO springfox.documentation.spring.web.plugins.DocumentationPluginsBootstrapper [main] Found 1 custom documentation plugin(s)
2019-07-15 17:34:28,494 INFO springfox.documentation.spring.web.scanners.ApiListingReferenceScanner [main] Scanning for api listing references
2019-07-15 17:34:28,874 INFO org.springframework.boot.web.embedded.tomcat.TomcatWebServer [main] Tomcat started on port(s): 8081 (http) with context path ''
2019-07-15 17:34:28,877 INFO com.example.btrestful1.Btrestful1Application [main] Started Btrestful1Application in 10.318 seconds (JVM running for 12.315)
2019-07-15 17:34:42,843 INFO org.apache.catalina.core.ContainerBase.[Tomcat].[localhost].[/] [http-nio-8081-exec-1] Initializing Spring DispatcherServlet 'dispatcherServlet'
2019-07-15 17:34:42,843 INFO org.springframework.web.servlet.DispatcherServlet [http-nio-8081-exec-1] Initializing Servlet 'dispatcherServlet'
2019-07-15 17:34:42,861 INFO org.springframework.web.servlet.DispatcherServlet [http-nio-8081-exec-1] Completed initialization in 18 ms
2019-07-15 17:34:43,606 INFO com.example.btrestful1.filter.TransactionFilter [http-nio-8081-exec-1] Starting a transaction for req : /accounts/42
2019-07-15 17:34:43,607 INFO com.example.btrestful1.filter.RequestResponseLoggingFilter [http-nio-8081-exec-1] Logging Request  DELETE : /accounts/42
2019-07-15 17:34:43,658 INFO com.example.btrestful1.service.AccountService [http-nio-8081-exec-1] get account by id 42
2019-07-15 17:34:43,720 INFO com.example.btrestful1.service.AccountService [http-nio-8081-exec-1] delet account by id
2019-07-15 17:34:43,720 INFO com.example.btrestful1.service.AccountService [http-nio-8081-exec-1] get account by id 42
2019-07-15 17:34:43,878 INFO com.example.btrestful1.filter.RequestResponseLoggingFilter [http-nio-8081-exec-1] Logging Response :application/json;charset=UTF-8
2019-07-15 17:34:43,878 INFO com.example.btrestful1.filter.TransactionFilter [http-nio-8081-exec-1] Commiting Transactipn for req:/accounts/42
